#
# There is insufficient memory for the Java Runtime Environment to continue.
# Native memory allocation (malloc) failed to allocate 2097152 bytes for AllocateHeap
# Possible reasons:
#   The system is out of physical RAM or swap space
#   The process is running with CompressedOops enabled, and the Java Heap may be blocking the growth of the native heap
# Possible solutions:
#   Reduce memory load on the system
#   Increase physical memory or swap space
#   Check if swap backing store is full
#   Decrease Java heap size (-Xmx/-Xms)
#   Decrease number of Java threads
#   Decrease Java thread stack sizes (-Xss)
#   Set larger code cache with -XX:ReservedCodeCacheSize=
#   JVM is running with Unscaled Compressed Oops mode in which the Java heap is
#     placed in the first 4GB address space. The Java Heap base address is the
#     maximum limit for the native heap growth. Please use -XX:HeapBaseMinAddress
#     to set the Java Heap base and to place the Java Heap above 4GB virtual address.
# This output file may be truncated or incomplete.
#
#  Out of Memory Error (allocation.cpp:44), pid=30972, tid=13580
#
# JRE version: Java(TM) SE Runtime Environment (18.0.2.1+1) (build 18.0.2.1+1-1)
# Java VM: Java HotSpot(TM) 64-Bit Server VM (18.0.2.1+1-1, mixed mode, emulated-client, sharing, tiered, compressed oops, compressed class ptrs, g1 gc, windows-amd64)
# No core dump will be written. Minidumps are not enabled by default on client versions of Windows
#

---------------  S U M M A R Y ------------

Command Line: -XX:TieredStopAtLevel=1 com.splitwise.SplitPriceApp

Host: Intel(R) Core(TM) i7-10750H CPU @ 2.60GHz, 12 cores, 7G,  Windows 11 , 64 bit Build 25992 (10.0.25992.1000)
Time: Tue Nov 28 21:57:53 2023 India Standard Time elapsed time: 682.323965 seconds (0d 0h 11m 22s)

---------------  T H R E A D  ---------------

Current thread (0x00000152884661c0):  VMThread "VM Thread" [stack: 0x00000046e2700000,0x00000046e2800000] [id=13580]

Stack: [0x00000046e2700000,0x00000046e2800000]
Native frames: (J=compiled Java code, j=interpreted, Vv=VM code, C=native code)
V  [jvm.dll+0x6993aa]
V  [jvm.dll+0x7f46dd]
V  [jvm.dll+0x7f5fee]
V  [jvm.dll+0x7f66a3]
V  [jvm.dll+0x25cf1f]
V  [jvm.dll+0xb31af]
V  [jvm.dll+0x31359e]
V  [jvm.dll+0x30f1b0]
V  [jvm.dll+0x2f9da2]
V  [jvm.dll+0x33c4d7]
V  [jvm.dll+0x7fb48b]
V  [jvm.dll+0x7fc224]
V  [jvm.dll+0x7fc75c]
V  [jvm.dll+0x7fcbb4]
V  [jvm.dll+0x7fcc77]
V  [jvm.dll+0x7a120a]
V  [jvm.dll+0x698255]
C  [ucrtbase.dll+0x6e3a0]
C  [KERNEL32.DLL+0x11f67]
C  [ntdll.dll+0x54410]

VM_Operation (0x00000046e1eff100): G1CollectFull, mode: safepoint, requested by thread 0x00000152a27babb0


---------------  P R O C E S S  ---------------

Threads class SMR info:
_java_thread_list=0x00000152a1f86400, length=12, elements={
0x000001529ab3fb20, 0x000001529ab403d0, 0x000001529ab59090, 0x000001529ab59940,
0x000001529ab5a1f0, 0x000001529ab5aaa0, 0x000001529ab5b350, 0x000001529ab72430,
0x000001529f2ee150, 0x000001529f2f4e50, 0x00000152a27ba210, 0x00000152a27babb0
}

Java Threads: ( => current thread )
  0x000001529ab3fb20 JavaThread "Reference Handler" daemon [_thread_blocked, id=10016, stack(0x00000046e2800000,0x00000046e2900000)]
  0x000001529ab403d0 JavaThread "Finalizer" daemon [_thread_blocked, id=28896, stack(0x00000046e2900000,0x00000046e2a00000)]
  0x000001529ab59090 JavaThread "Signal Dispatcher" daemon [_thread_blocked, id=17564, stack(0x00000046e2a00000,0x00000046e2b00000)]
  0x000001529ab59940 JavaThread "Attach Listener" daemon [_thread_blocked, id=22016, stack(0x00000046e2b00000,0x00000046e2c00000)]
  0x000001529ab5a1f0 JavaThread "Service Thread" daemon [_thread_blocked, id=11628, stack(0x00000046e2c00000,0x00000046e2d00000)]
  0x000001529ab5aaa0 JavaThread "Monitor Deflation Thread" daemon [_thread_blocked, id=24324, stack(0x00000046e2d00000,0x00000046e2e00000)]
  0x000001529ab5b350 JavaThread "C1 CompilerThread0" daemon [_thread_blocked, id=13380, stack(0x00000046e2e00000,0x00000046e2f00000)]
  0x000001529ab72430 JavaThread "Sweeper thread" daemon [_thread_blocked, id=19708, stack(0x00000046e2f00000,0x00000046e3000000)]
  0x000001529f2ee150 JavaThread "Notification Thread" daemon [_thread_blocked, id=32756, stack(0x00000046e3200000,0x00000046e3300000)]
  0x000001529f2f4e50 JavaThread "Common-Cleaner" daemon [_thread_blocked, id=18620, stack(0x00000046e3400000,0x00000046e3500000)]
  0x00000152a27ba210 JavaThread "DestroyJavaVM" [_thread_blocked, id=14632, stack(0x00000046e2100000,0x00000046e2200000)]
  0x00000152a27babb0 JavaThread "Thread-1" [_thread_blocked, id=19216, stack(0x00000046e1e00000,0x00000046e1f00000)]

Other Threads:
=>0x00000152884661c0 VMThread "VM Thread" [stack: 0x00000046e2700000,0x00000046e2800000] [id=13580]
  0x000001529f2f4a30 WatcherThread "VM Periodic Task Thread" [stack: 0x00000046e3300000,0x00000046e3400000] [id=22920]
  0x00000152884403b0 WorkerThread "GC Thread#0" [stack: 0x00000046e2200000,0x00000046e2300000] [id=22532]
  0x000001529fe9eea0 WorkerThread "GC Thread#1" [stack: 0x00000046e3600000,0x00000046e3700000] [id=21912]
  0x000001529fe9f140 WorkerThread "GC Thread#2" [stack: 0x00000046e3700000,0x00000046e3800000] [id=14520]
  0x000001529fefc860 WorkerThread "GC Thread#3" [stack: 0x00000046e3800000,0x00000046e3900000] [id=20640]
  0x000001529fefcb00 WorkerThread "GC Thread#4" [stack: 0x00000046e3900000,0x00000046e3a00000] [id=31960]
  0x000001529fefcda0 WorkerThread "GC Thread#5" [stack: 0x00000046e3a00000,0x00000046e3b00000] [id=33632]
  0x00000152a009e5d0 WorkerThread "GC Thread#6" [stack: 0x00000046e3d00000,0x00000046e3e00000] [id=2376]
  0x00000152a009e870 WorkerThread "GC Thread#7" [stack: 0x00000046e3e00000,0x00000046e3f00000] [id=968]
  0x00000152a068e1a0 WorkerThread "GC Thread#8" [stack: 0x00000046e3f00000,0x00000046e4000000] [id=24500]
  0x00000152a071e300 WorkerThread "GC Thread#9" [stack: 0x00000046e4000000,0x00000046e4100000] [id=18680]
  0x0000015288452ad0 ConcurrentGCThread "G1 Main Marker" [stack: 0x00000046e2300000,0x00000046e2400000] [id=31756]
  0x0000015288453b70 WorkerThread "G1 Conc#0" [stack: 0x00000046e2400000,0x00000046e2500000] [id=28168]
  0x00000152a071dbc0 WorkerThread "G1 Conc#1" [stack: 0x00000046e4100000,0x00000046e4200000] [id=29036]
  0x00000152a0148ca0 WorkerThread "G1 Conc#2" [stack: 0x00000046e4200000,0x00000046e4300000] [id=30120]
  0x000001528847e880 ConcurrentGCThread "G1 Refine#0" [stack: 0x00000046e2500000,0x00000046e2600000] [id=11756]
  0x000001529a9f48a0 ConcurrentGCThread "G1 Service" [stack: 0x00000046e2600000,0x00000046e2700000] [id=27112]

Threads with active compile tasks:

VM state: at safepoint (normal execution)

VM Mutex/Monitor currently owned by a thread:  ([mutex/lock_event])
[0x00000152883dcc30] Threads_lock - owner thread: 0x00000152884661c0
[0x00000152883dd890] Heap_lock - owner thread: 0x00000152a27babb0

Heap address: 0x0000000082000000, size: 2016 MB, Compressed Oops mode: 32-bit

CDS archive(s) mapped at: [0x0000000800000000-0x0000000800ba0000-0x0000000800ba0000), size 12189696, SharedBaseAddress: 0x0000000800000000, ArchiveRelocationMode: 0.
Compressed class space mapped at: 0x0000000800c00000-0x0000000840c00000, reserved size: 1073741824
Narrow klass base: 0x0000000800000000, Narrow klass shift: 0, Narrow klass range: 0x100000000

GC Precious Log:
 CardTable entry size: 512
 Card Set container configuration: InlinePtr #cards 5 size 8 Array Of Cards #cards 12 size 40 Howl #buckets 4 coarsen threshold 1843 Howl Bitmap #cards 512 size 80 coarsen threshold 460 Card regions per heap region 1 cards per card region 2048
 CPUs: 12 total, 12 available
 Memory: 8059M
 Large Page Support: Disabled
 NUMA Support: Disabled
 Compressed Oops: Enabled (32-bit)
 Heap Region Size: 1M
 Heap Min Capacity: 8M
 Heap Initial Capacity: 126M
 Heap Max Capacity: 2016M
 Pre-touch: Disabled
 Parallel Workers: 10
 Concurrent Workers: 3
 Concurrent Refinement Workers: 10
 Periodic GC: Disabled

Heap:
 garbage-first heap   total 139264K, used 102719K [0x0000000082000000, 0x0000000100000000)
  region size 1024K, 46 young (47104K), 3 survivors (3072K)
 Metaspace       used 78040K, committed 78912K, reserved 1179648K
  class space    used 10972K, committed 11328K, reserved 1048576K

Heap Regions: E=young(eden), S=young(survivor), O=old, HS=humongous(starts), HC=humongous(continues), CS=collection set, F=free, OA=open archive, CA=closed archive, TAMS=top-at-mark-start (previous, next)
|   0|0x0000000082000000, 0x0000000082100000, 0x0000000082100000|100%|HS|  |TAMS 0x0000000082100000, 0x0000000082000000| Complete 
|   1|0x0000000082100000, 0x0000000082200000, 0x0000000082200000|100%| O|  |TAMS 0x0000000082200000, 0x0000000082100000| Untracked 
|   2|0x0000000082200000, 0x0000000082300000, 0x0000000082300000|100%| O|  |TAMS 0x0000000082300000, 0x0000000082200000| Untracked 
|   3|0x0000000082300000, 0x0000000082400000, 0x0000000082400000|100%| O|  |TAMS 0x0000000082400000, 0x0000000082300000| Untracked 
|   4|0x0000000082400000, 0x0000000082500000, 0x0000000082500000|100%| O|  |TAMS 0x0000000082500000, 0x0000000082400000| Untracked 
|   5|0x0000000082500000, 0x0000000082600000, 0x0000000082600000|100%| O|  |TAMS 0x0000000082600000, 0x0000000082500000| Untracked 
|   6|0x0000000082600000, 0x0000000082700000, 0x0000000082700000|100%| O|  |TAMS 0x0000000082700000, 0x0000000082600000| Untracked 
|   7|0x0000000082700000, 0x0000000082800000, 0x0000000082800000|100%| O|  |TAMS 0x0000000082800000, 0x0000000082700000| Untracked 
|   8|0x0000000082800000, 0x0000000082900000, 0x0000000082900000|100%| O|  |TAMS 0x0000000082900000, 0x0000000082800000| Untracked 
|   9|0x0000000082900000, 0x0000000082a00000, 0x0000000082a00000|100%| O|  |TAMS 0x0000000082a00000, 0x0000000082900000| Untracked 
|  10|0x0000000082a00000, 0x0000000082b00000, 0x0000000082b00000|100%| O|  |TAMS 0x0000000082b00000, 0x0000000082a00000| Untracked 
|  11|0x0000000082b00000, 0x0000000082c00000, 0x0000000082c00000|100%| O|  |TAMS 0x0000000082c00000, 0x0000000082b00000| Untracked 
|  12|0x0000000082c00000, 0x0000000082d00000, 0x0000000082d00000|100%| O|  |TAMS 0x0000000082d00000, 0x0000000082c00000| Untracked 
|  13|0x0000000082d00000, 0x0000000082e00000, 0x0000000082e00000|100%| O|  |TAMS 0x0000000082e00000, 0x0000000082d00000| Complete 
|  14|0x0000000082e00000, 0x0000000082f00000, 0x0000000082f00000|100%| O|  |TAMS 0x0000000082f00000, 0x0000000082e00000| Complete 
|  15|0x0000000082f00000, 0x0000000082fb9000, 0x0000000083000000| 72%| O|  |TAMS 0x0000000082fb9000, 0x0000000082f00000| Complete 
|  16|0x0000000083000000, 0x0000000083100000, 0x0000000083100000|100%| O|  |TAMS 0x0000000083100000, 0x0000000083000000| Untracked 
|  17|0x0000000083100000, 0x0000000083200000, 0x0000000083200000|100%| O|  |TAMS 0x0000000083200000, 0x0000000083100000| Untracked 
|  18|0x0000000083200000, 0x0000000083300000, 0x0000000083300000|100%| O|  |TAMS 0x0000000083300000, 0x0000000083200000| Complete 
|  19|0x0000000083300000, 0x0000000083400000, 0x0000000083400000|100%| O|  |TAMS 0x0000000083400000, 0x0000000083300000| Untracked 
|  20|0x0000000083400000, 0x0000000083500000, 0x0000000083500000|100%| O|  |TAMS 0x0000000083500000, 0x0000000083400000| Untracked 
|  21|0x0000000083500000, 0x0000000083600000, 0x0000000083600000|100%| O|  |TAMS 0x0000000083600000, 0x0000000083500000| Untracked 
|  22|0x0000000083600000, 0x0000000083700000, 0x0000000083700000|100%| O|  |TAMS 0x0000000083700000, 0x0000000083600000| Untracked 
|  23|0x0000000083700000, 0x0000000083800000, 0x0000000083800000|100%| O|  |TAMS 0x0000000083800000, 0x0000000083700000| Complete 
|  24|0x0000000083800000, 0x0000000083900000, 0x0000000083900000|100%| O|  |TAMS 0x0000000083900000, 0x0000000083800000| Untracked 
|  25|0x0000000083900000, 0x0000000083a00000, 0x0000000083a00000|100%| O|  |TAMS 0x0000000083a00000, 0x0000000083900000| Untracked 
|  26|0x0000000083a00000, 0x0000000083b00000, 0x0000000083b00000|100%| O|  |TAMS 0x0000000083b00000, 0x0000000083a00000| Untracked 
|  27|0x0000000083b00000, 0x0000000083c00000, 0x0000000083c00000|100%| O|  |TAMS 0x0000000083c00000, 0x0000000083b00000| Untracked 
|  28|0x0000000083c00000, 0x0000000083d00000, 0x0000000083d00000|100%| O|  |TAMS 0x0000000083d00000, 0x0000000083c00000| Complete 
|  29|0x0000000083d00000, 0x0000000083e00000, 0x0000000083e00000|100%| O|  |TAMS 0x0000000083e00000, 0x0000000083d00000| Untracked 
|  30|0x0000000083e00000, 0x0000000083f00000, 0x0000000083f00000|100%| O|  |TAMS 0x0000000083f00000, 0x0000000083e00000| Untracked 
|  31|0x0000000083f00000, 0x0000000084000000, 0x0000000084000000|100%| O|  |TAMS 0x0000000084000000, 0x0000000083f00000| Untracked 
|  32|0x0000000084000000, 0x0000000084100000, 0x0000000084100000|100%| O|  |TAMS 0x0000000084100000, 0x0000000084000000| Untracked 
|  33|0x0000000084100000, 0x0000000084200000, 0x0000000084200000|100%| O|  |TAMS 0x0000000084200000, 0x0000000084100000| Complete 
|  34|0x0000000084200000, 0x0000000084300000, 0x0000000084300000|100%| O|  |TAMS 0x0000000084300000, 0x0000000084200000| Untracked 
|  35|0x0000000084300000, 0x0000000084400000, 0x0000000084400000|100%| O|  |TAMS 0x0000000084400000, 0x0000000084300000| Untracked 
|  36|0x0000000084400000, 0x0000000084500000, 0x0000000084500000|100%| O|  |TAMS 0x0000000084500000, 0x0000000084400000| Complete 
|  37|0x0000000084500000, 0x0000000084600000, 0x0000000084600000|100%| O|  |TAMS 0x0000000084600000, 0x0000000084500000| Complete 
|  38|0x0000000084600000, 0x0000000084700000, 0x0000000084700000|100%| O|  |TAMS 0x0000000084700000, 0x0000000084600000| Untracked 
|  39|0x0000000084700000, 0x0000000084800000, 0x0000000084800000|100%| O|  |TAMS 0x0000000084800000, 0x0000000084700000| Untracked 
|  40|0x0000000084800000, 0x0000000084900000, 0x0000000084900000|100%| O|  |TAMS 0x0000000084900000, 0x0000000084800000| Untracked 
|  41|0x0000000084900000, 0x0000000084a00000, 0x0000000084a00000|100%| O|  |TAMS 0x0000000084a00000, 0x0000000084900000| Untracked 
|  42|0x0000000084a00000, 0x0000000084b00000, 0x0000000084b00000|100%| O|  |TAMS 0x0000000084b00000, 0x0000000084a00000| Untracked 
|  43|0x0000000084b00000, 0x0000000084c00000, 0x0000000084c00000|100%| O|  |TAMS 0x0000000084c00000, 0x0000000084b00000| Untracked 
|  44|0x0000000084c00000, 0x0000000084d00000, 0x0000000084d00000|100%| O|  |TAMS 0x0000000084d00000, 0x0000000084c00000| Complete 
|  45|0x0000000084d00000, 0x0000000084e00000, 0x0000000084e00000|100%| O|  |TAMS 0x0000000084e00000, 0x0000000084d00000| Complete 
|  46|0x0000000084e00000, 0x0000000084f00000, 0x0000000084f00000|100%| O|  |TAMS 0x0000000084f00000, 0x0000000084e00000| Untracked 
|  47|0x0000000084f00000, 0x0000000085000000, 0x0000000085000000|100%| O|  |TAMS 0x0000000085000000, 0x0000000084f00000| Untracked 
|  48|0x0000000085000000, 0x0000000085100000, 0x0000000085100000|100%| O|  |TAMS 0x0000000085100000, 0x0000000085000000| Untracked 
|  49|0x0000000085100000, 0x0000000085200000, 0x0000000085200000|100%| O|  |TAMS 0x0000000085200000, 0x0000000085100000| Untracked 
|  50|0x0000000085200000, 0x0000000085300000, 0x0000000085300000|100%| O|  |TAMS 0x0000000085300000, 0x0000000085200000| Untracked 
|  51|0x0000000085300000, 0x0000000085400000, 0x0000000085400000|100%| O|  |TAMS 0x0000000085400000, 0x0000000085300000| Complete 
|  52|0x0000000085400000, 0x0000000085500000, 0x0000000085500000|100%| O|  |TAMS 0x0000000085500000, 0x0000000085400000| Untracked 
|  53|0x0000000085500000, 0x0000000085600000, 0x0000000085600000|100%| O|  |TAMS 0x0000000085600000, 0x0000000085500000| Untracked 
|  54|0x0000000085600000, 0x0000000085700000, 0x0000000085700000|100%| O|  |TAMS 0x0000000085676200, 0x0000000085600000| Untracked 
|  55|0x0000000085700000, 0x0000000085800000, 0x0000000085800000|100%| O|  |TAMS 0x0000000085700000, 0x0000000085700000| Untracked 
|  56|0x0000000085800000, 0x0000000085863600, 0x0000000085900000| 38%| O|  |TAMS 0x0000000085800000, 0x0000000085800000| Untracked 
|  57|0x0000000085900000, 0x0000000085900000, 0x0000000085a00000|  0%| F|  |TAMS 0x0000000085900000, 0x0000000085900000| Untracked 
|  58|0x0000000085a00000, 0x0000000085a00000, 0x0000000085b00000|  0%| F|  |TAMS 0x0000000085a00000, 0x0000000085a00000| Untracked 
|  59|0x0000000085b00000, 0x0000000085b00000, 0x0000000085c00000|  0%| F|  |TAMS 0x0000000085b00000, 0x0000000085b00000| Untracked 
|  60|0x0000000085c00000, 0x0000000085c00000, 0x0000000085d00000|  0%| F|  |TAMS 0x0000000085c00000, 0x0000000085c00000| Untracked 
|  61|0x0000000085d00000, 0x0000000085d00000, 0x0000000085e00000|  0%| F|  |TAMS 0x0000000085d00000, 0x0000000085d00000| Untracked 
|  62|0x0000000085e00000, 0x0000000085e00000, 0x0000000085f00000|  0%| F|  |TAMS 0x0000000085e00000, 0x0000000085e00000| Untracked 
|  63|0x0000000085f00000, 0x0000000085f00000, 0x0000000086000000|  0%| F|  |TAMS 0x0000000085f00000, 0x0000000085f00000| Untracked 
|  64|0x0000000086000000, 0x0000000086000000, 0x0000000086100000|  0%| F|  |TAMS 0x0000000086000000, 0x0000000086000000| Untracked 
|  65|0x0000000086100000, 0x0000000086100000, 0x0000000086200000|  0%| F|  |TAMS 0x0000000086100000, 0x0000000086100000| Untracked 
|  66|0x0000000086200000, 0x0000000086200000, 0x0000000086300000|  0%| F|  |TAMS 0x0000000086200000, 0x0000000086200000| Untracked 
|  67|0x0000000086300000, 0x0000000086300000, 0x0000000086400000|  0%| F|  |TAMS 0x0000000086300000, 0x0000000086300000| Untracked 
|  68|0x0000000086400000, 0x0000000086400000, 0x0000000086500000|  0%| F|  |TAMS 0x0000000086400000, 0x0000000086400000| Untracked 
|  69|0x0000000086500000, 0x00000000865339c0, 0x0000000086600000| 20%| S|CS|TAMS 0x0000000086500000, 0x0000000086500000| Complete 
|  70|0x0000000086600000, 0x0000000086700000, 0x0000000086700000|100%| S|CS|TAMS 0x0000000086600000, 0x0000000086600000| Complete 
|  71|0x0000000086700000, 0x0000000086800000, 0x0000000086800000|100%| S|CS|TAMS 0x0000000086700000, 0x0000000086700000| Complete 
|  72|0x0000000086800000, 0x0000000086800000, 0x0000000086900000|  0%| F|  |TAMS 0x0000000086800000, 0x0000000086800000| Untracked 
|  73|0x0000000086900000, 0x0000000086900000, 0x0000000086a00000|  0%| F|  |TAMS 0x0000000086900000, 0x0000000086900000| Untracked 
|  74|0x0000000086a00000, 0x0000000086a00000, 0x0000000086b00000|  0%| F|  |TAMS 0x0000000086a00000, 0x0000000086a00000| Untracked 
|  75|0x0000000086b00000, 0x0000000086b00000, 0x0000000086c00000|  0%| F|  |TAMS 0x0000000086b00000, 0x0000000086b00000| Untracked 
|  76|0x0000000086c00000, 0x0000000086c00000, 0x0000000086d00000|  0%| F|  |TAMS 0x0000000086c00000, 0x0000000086c00000| Untracked 
|  77|0x0000000086d00000, 0x0000000086d00000, 0x0000000086e00000|  0%| F|  |TAMS 0x0000000086d00000, 0x0000000086d00000| Untracked 
|  78|0x0000000086e00000, 0x0000000086e00000, 0x0000000086f00000|  0%| F|  |TAMS 0x0000000086e00000, 0x0000000086e00000| Untracked 
|  79|0x0000000086f00000, 0x0000000086f00000, 0x0000000087000000|  0%| F|  |TAMS 0x0000000086f00000, 0x0000000086f00000| Untracked 
|  80|0x0000000087000000, 0x0000000087000000, 0x0000000087100000|  0%| F|  |TAMS 0x0000000087000000, 0x0000000087000000| Untracked 
|  81|0x0000000087100000, 0x0000000087100000, 0x0000000087200000|  0%| F|  |TAMS 0x0000000087100000, 0x0000000087100000| Untracked 
|  82|0x0000000087200000, 0x0000000087200000, 0x0000000087300000|  0%| F|  |TAMS 0x0000000087200000, 0x0000000087200000| Untracked 
|  83|0x0000000087300000, 0x0000000087300000, 0x0000000087400000|  0%| F|  |TAMS 0x0000000087300000, 0x0000000087300000| Untracked 
|  84|0x0000000087400000, 0x0000000087400000, 0x0000000087500000|  0%| F|  |TAMS 0x0000000087400000, 0x0000000087400000| Untracked 
|  85|0x0000000087500000, 0x0000000087500000, 0x0000000087600000|  0%| F|  |TAMS 0x0000000087500000, 0x0000000087500000| Untracked 
|  86|0x0000000087600000, 0x0000000087600000, 0x0000000087700000|  0%| F|  |TAMS 0x0000000087600000, 0x0000000087600000| Untracked 
|  87|0x0000000087700000, 0x0000000087700000, 0x0000000087800000|  0%| F|  |TAMS 0x0000000087700000, 0x0000000087700000| Untracked 
|  88|0x0000000087800000, 0x0000000087800000, 0x0000000087900000|  0%| F|  |TAMS 0x0000000087800000, 0x0000000087800000| Untracked 
|  89|0x0000000087900000, 0x0000000087900000, 0x0000000087a00000|  0%| F|  |TAMS 0x0000000087900000, 0x0000000087900000| Untracked 
|  90|0x0000000087a00000, 0x0000000087a00000, 0x0000000087b00000|  0%| F|  |TAMS 0x0000000087a00000, 0x0000000087a00000| Untracked 
|  91|0x0000000087b00000, 0x0000000087b00000, 0x0000000087c00000|  0%| F|  |TAMS 0x0000000087b00000, 0x0000000087b00000| Untracked 
|  92|0x0000000087c00000, 0x0000000087c00000, 0x0000000087d00000|  0%| F|  |TAMS 0x0000000087c00000, 0x0000000087c00000| Untracked 
|  93|0x0000000087d00000, 0x0000000087d73758, 0x0000000087e00000| 45%| E|  |TAMS 0x0000000087d00000, 0x0000000087d00000| Complete 
|  94|0x0000000087e00000, 0x0000000087f00000, 0x0000000087f00000|100%| E|CS|TAMS 0x0000000087e00000, 0x0000000087e00000| Complete 
|  95|0x0000000087f00000, 0x0000000088000000, 0x0000000088000000|100%| E|CS|TAMS 0x0000000087f00000, 0x0000000087f00000| Complete 
|  96|0x0000000088000000, 0x0000000088100000, 0x0000000088100000|100%| E|CS|TAMS 0x0000000088000000, 0x0000000088000000| Complete 
|  97|0x0000000088100000, 0x0000000088200000, 0x0000000088200000|100%| E|CS|TAMS 0x0000000088100000, 0x0000000088100000| Complete 
|  98|0x0000000088200000, 0x0000000088300000, 0x0000000088300000|100%| E|CS|TAMS 0x0000000088200000, 0x0000000088200000| Complete 
|  99|0x0000000088300000, 0x0000000088400000, 0x0000000088400000|100%| E|CS|TAMS 0x0000000088300000, 0x0000000088300000| Complete 
| 100|0x0000000088400000, 0x0000000088500000, 0x0000000088500000|100%| E|CS|TAMS 0x0000000088400000, 0x0000000088400000| Complete 
| 101|0x0000000088500000, 0x0000000088600000, 0x0000000088600000|100%| E|CS|TAMS 0x0000000088500000, 0x0000000088500000| Complete 
| 102|0x0000000088600000, 0x0000000088700000, 0x0000000088700000|100%| E|CS|TAMS 0x0000000088600000, 0x0000000088600000| Complete 
| 103|0x0000000088700000, 0x0000000088800000, 0x0000000088800000|100%| E|CS|TAMS 0x0000000088700000, 0x0000000088700000| Complete 
| 104|0x0000000088800000, 0x0000000088900000, 0x0000000088900000|100%| E|CS|TAMS 0x0000000088800000, 0x0000000088800000| Complete 
| 105|0x0000000088900000, 0x0000000088a00000, 0x0000000088a00000|100%| E|CS|TAMS 0x0000000088900000, 0x0000000088900000| Complete 
| 106|0x0000000088a00000, 0x0000000088b00000, 0x0000000088b00000|100%| E|CS|TAMS 0x0000000088a00000, 0x0000000088a00000| Complete 
| 107|0x0000000088b00000, 0x0000000088c00000, 0x0000000088c00000|100%| E|CS|TAMS 0x0000000088b00000, 0x0000000088b00000| Complete 
| 108|0x0000000088c00000, 0x0000000088d00000, 0x0000000088d00000|100%| E|CS|TAMS 0x0000000088c00000, 0x0000000088c00000| Complete 
| 109|0x0000000088d00000, 0x0000000088e00000, 0x0000000088e00000|100%| E|CS|TAMS 0x0000000088d00000, 0x0000000088d00000| Complete 
| 110|0x0000000088e00000, 0x0000000088f00000, 0x0000000088f00000|100%| E|CS|TAMS 0x0000000088e00000, 0x0000000088e00000| Complete 
| 111|0x0000000088f00000, 0x0000000089000000, 0x0000000089000000|100%| E|CS|TAMS 0x0000000088f00000, 0x0000000088f00000| Complete 
| 112|0x0000000089000000, 0x0000000089100000, 0x0000000089100000|100%| E|CS|TAMS 0x0000000089000000, 0x0000000089000000| Complete 
| 113|0x0000000089100000, 0x0000000089200000, 0x0000000089200000|100%| E|CS|TAMS 0x0000000089100000, 0x0000000089100000| Complete 
| 114|0x0000000089200000, 0x0000000089300000, 0x0000000089300000|100%| E|CS|TAMS 0x0000000089200000, 0x0000000089200000| Complete 
| 115|0x0000000089300000, 0x0000000089400000, 0x0000000089400000|100%| E|CS|TAMS 0x0000000089300000, 0x0000000089300000| Complete 
| 116|0x0000000089400000, 0x0000000089500000, 0x0000000089500000|100%| E|CS|TAMS 0x0000000089400000, 0x0000000089400000| Complete 
| 117|0x0000000089500000, 0x0000000089600000, 0x0000000089600000|100%| E|CS|TAMS 0x0000000089500000, 0x0000000089500000| Complete 
| 118|0x0000000089600000, 0x0000000089700000, 0x0000000089700000|100%| E|CS|TAMS 0x0000000089600000, 0x0000000089600000| Complete 
| 119|0x0000000089700000, 0x0000000089800000, 0x0000000089800000|100%| E|CS|TAMS 0x0000000089700000, 0x0000000089700000| Complete 
| 120|0x0000000089800000, 0x0000000089900000, 0x0000000089900000|100%| E|CS|TAMS 0x0000000089800000, 0x0000000089800000| Complete 
| 121|0x0000000089900000, 0x0000000089a00000, 0x0000000089a00000|100%| E|CS|TAMS 0x0000000089900000, 0x0000000089900000| Complete 
| 122|0x0000000089a00000, 0x0000000089b00000, 0x0000000089b00000|100%| E|CS|TAMS 0x0000000089a00000, 0x0000000089a00000| Complete 
| 123|0x0000000089b00000, 0x0000000089c00000, 0x0000000089c00000|100%| E|CS|TAMS 0x0000000089b00000, 0x0000000089b00000| Complete 
| 124|0x0000000089c00000, 0x0000000089d00000, 0x0000000089d00000|100%| E|CS|TAMS 0x0000000089c00000, 0x0000000089c00000| Complete 
| 125|0x0000000089d00000, 0x0000000089e00000, 0x0000000089e00000|100%| E|CS|TAMS 0x0000000089d00000, 0x0000000089d00000| Complete 
| 126|0x0000000089e00000, 0x0000000089f00000, 0x0000000089f00000|100%| E|CS|TAMS 0x0000000089e00000, 0x0000000089e00000| Complete 
| 127|0x0000000089f00000, 0x000000008a000000, 0x000000008a000000|100%| E|CS|TAMS 0x0000000089f00000, 0x0000000089f00000| Complete 
| 128|0x000000008a000000, 0x000000008a100000, 0x000000008a100000|100%| E|CS|TAMS 0x000000008a000000, 0x000000008a000000| Complete 
| 129|0x000000008a100000, 0x000000008a200000, 0x000000008a200000|100%| E|CS|TAMS 0x000000008a100000, 0x000000008a100000| Complete 
| 130|0x000000008a200000, 0x000000008a300000, 0x000000008a300000|100%| E|CS|TAMS 0x000000008a200000, 0x000000008a200000| Complete 
| 131|0x000000008a300000, 0x000000008a400000, 0x000000008a400000|100%| E|CS|TAMS 0x000000008a300000, 0x000000008a300000| Complete 
| 132|0x000000008a400000, 0x000000008a500000, 0x000000008a500000|100%| E|CS|TAMS 0x000000008a400000, 0x000000008a400000| Complete 
| 133|0x000000008a500000, 0x000000008a600000, 0x000000008a600000|100%| E|CS|TAMS 0x000000008a500000, 0x000000008a500000| Complete 
| 134|0x000000008a600000, 0x000000008a700000, 0x000000008a700000|100%| E|CS|TAMS 0x000000008a600000, 0x000000008a600000| Complete 
| 135|0x000000008a700000, 0x000000008a800000, 0x000000008a800000|100%| E|CS|TAMS 0x000000008a700000, 0x000000008a700000| Complete 

Card table byte_map: [0x0000015293c50000,0x0000015294040000] _byte_map_base: 0x0000015293840000

Marking Bits (Prev, Next): (CMBitMap*) 0x0000015288441910, (CMBitMap*) 0x00000152884418d0
 Prev Bits: [0x00000152963b0000, 0x0000015298330000)
 Next Bits: [0x0000015294430000, 0x00000152963b0000)

Polling page: 0x0000015286b20000

Metaspace:

Usage:
  Non-class:     65.50 MB used.
      Class:     10.72 MB used.
       Both:     76.21 MB used.

Virtual space:
  Non-class space:      128.00 MB reserved,      66.00 MB ( 52%) committed,  2 nodes.
      Class space:        1.00 GB reserved,      11.06 MB (  1%) committed,  1 nodes.
             Both:        1.12 GB reserved,      77.06 MB (  7%) committed. 

Chunk freelists:
   Non-Class:  2.26 MB
       Class:  1.09 MB
        Both:  3.35 MB

MaxMetaspaceSize: unlimited
CompressedClassSpaceSize: 1.00 GB
Initial GC threshold: 21.00 MB
Current GC threshold: 128.44 MB
CDS: on
MetaspaceReclaimPolicy: balanced
 - commit_granule_bytes: 65536.
 - commit_granule_words: 8192.
 - virtual_space_node_default_size: 8388608.
 - enlarge_chunks_in_place: 1.
 - new_chunks_are_fully_committed: 0.
 - uncommit_free_chunks: 1.
 - use_allocation_guard: 0.


Internal statistics:

num_allocs_failed_limit: 6.
num_arena_births: 1048.
num_arena_deaths: 344.
num_vsnodes_births: 3.
num_vsnodes_deaths: 0.
num_space_committed: 1233.
num_space_uncommitted: 0.
num_chunks_returned_to_freelist: 360.
num_chunks_taken_from_freelist: 3819.
num_chunk_merges: 104.
num_chunk_splits: 2767.
num_chunks_enlarged: 2265.
num_inconsistent_stats: 0.

CodeCache: size=49152Kb used=15007Kb max_used=16650Kb free=34144Kb
 bounds [0x000001528fda0000, 0x0000015290df0000, 0x0000015292da0000]
 total_blobs=8854 nmethods=8171 adapters=609
 compilation: enabled
              stopped_count=0, restarted_count=0
 full_count=0

Compilation events (20 events):
Event: 315.452 Thread 0x000001529ab5b350 8324       1       java.lang.management.MemoryUsage::<init> (170 bytes)
Event: 315.455 Thread 0x000001529ab5b350 nmethod 8324 0x0000015290108190 code [0x00000152901083e0, 0x0000015290108a58]
Event: 315.490 Thread 0x000001529ab5b350 8325       1       java.util.TreeMap$KeySpliterator::characteristics (21 bytes)
Event: 315.491 Thread 0x000001529ab5b350 nmethod 8325 0x0000015290107e90 code [0x0000015290108020, 0x00000152901080f8]
Event: 368.112 Thread 0x000001529ab5b350 8326       1       java.util.concurrent.atomic.AtomicIntegerFieldUpdater$AtomicIntegerFieldUpdaterImpl::accessCheck (17 bytes)
Event: 368.113 Thread 0x000001529ab5b350 nmethod 8326 0x0000015290107b10 code [0x0000015290107ca0, 0x0000015290107da8]
Event: 518.145 Thread 0x000001529ab5b350 8327       1       java.util.concurrent.TimeUnit::toNanos (45 bytes)
Event: 518.148 Thread 0x000001529ab5b350 nmethod 8327 0x0000015290107710 code [0x00000152901078c0, 0x0000015290107a58]
Event: 638.158 Thread 0x000001529ab5b350 8328       1       com.zaxxer.hikari.pool.PoolEntry::getState (8 bytes)
Event: 638.174 Thread 0x000001529ab5b350 nmethod 8328 0x0000015290107390 code [0x0000015290107520, 0x0000015290107668]
Event: 638.174 Thread 0x000001529ab5b350 8329       1       java.util.concurrent.atomic.AtomicIntegerFieldUpdater$AtomicIntegerFieldUpdaterImpl::get (17 bytes)
Event: 638.175 Thread 0x000001529ab5b350 nmethod 8329 0x0000015290107010 code [0x00000152901071a0, 0x00000152901072c8]
Event: 674.422 Thread 0x000001529ab5b350 8330       1       org.springframework.boot.devtools.filewatch.FileSnapshot::getFile (5 bytes)
Event: 674.423 Thread 0x000001529ab5b350 nmethod 8330 0x0000015290106d10 code [0x0000015290106ea0, 0x0000015290106f78]
Event: 674.884 Thread 0x000001529ab5b350 8331       1       java.util.concurrent.ConcurrentHashMap::size (31 bytes)
Event: 674.885 Thread 0x000001529ab5b350 nmethod 8331 0x0000015290106990 code [0x0000015290106b40, 0x0000015290106ca8]
Event: 680.679 Thread 0x000001529ab5b350 8332   !   1       org.springframework.beans.factory.support.DefaultSingletonBeanRegistry::destroyBean (385 bytes)
Event: 680.690 Thread 0x000001529ab5b350 nmethod 8332 0x0000015290104c10 code [0x0000015290105000, 0x0000015290106038]
Event: 680.938 Thread 0x000001529ab5b350 8333       1       org.springframework.util.ConcurrentReferenceHashMap$Segment::access$300 (5 bytes)
Event: 681.003 Thread 0x000001529ab5b350 nmethod 8333 0x0000015290104910 code [0x0000015290104aa0, 0x0000015290104b58]

GC Heap History (20 events):
Event: 12.676 GC heap after
{Heap after GC invocations=29 (full 0):
 garbage-first heap   total 96256K, used 46082K [0x0000000082000000, 0x0000000100000000)
  region size 1024K, 5 young (5120K), 5 survivors (5120K)
 Metaspace       used 68341K, committed 68928K, reserved 1114112K
  class space    used 9646K, committed 9920K, reserved 1048576K
}
Event: 12.958 GC heap before
{Heap before GC invocations=29 (full 0):
 garbage-first heap   total 96256K, used 78850K [0x0000000082000000, 0x0000000100000000)
  region size 1024K, 37 young (37888K), 5 survivors (5120K)
 Metaspace       used 68708K, committed 69248K, reserved 1114112K
  class space    used 9683K, committed 9920K, reserved 1048576K
}
Event: 12.963 GC heap after
{Heap after GC invocations=30 (full 0):
 garbage-first heap   total 96256K, used 47466K [0x0000000082000000, 0x0000000100000000)
  region size 1024K, 4 young (4096K), 4 survivors (4096K)
 Metaspace       used 68708K, committed 69248K, reserved 1114112K
  class space    used 9683K, committed 9920K, reserved 1048576K
}
Event: 13.349 GC heap before
{Heap before GC invocations=30 (full 0):
 garbage-first heap   total 96256K, used 80234K [0x0000000082000000, 0x0000000100000000)
  region size 1024K, 36 young (36864K), 4 survivors (4096K)
 Metaspace       used 69906K, committed 70464K, reserved 1114112K
  class space    used 9840K, committed 10112K, reserved 1048576K
}
Event: 13.355 GC heap after
{Heap after GC invocations=31 (full 0):
 garbage-first heap   total 115712K, used 48866K [0x0000000082000000, 0x0000000100000000)
  region size 1024K, 3 young (3072K), 3 survivors (3072K)
 Metaspace       used 69906K, committed 70464K, reserved 1114112K
  class space    used 9840K, committed 10112K, reserved 1048576K
}
Event: 14.345 GC heap before
{Heap before GC invocations=32 (full 0):
 garbage-first heap   total 115712K, used 94946K [0x0000000082000000, 0x0000000100000000)
  region size 1024K, 48 young (49152K), 3 survivors (3072K)
 Metaspace       used 71603K, committed 72128K, reserved 1114112K
  class space    used 10124K, committed 10368K, reserved 1048576K
}
Event: 14.350 GC heap after
{Heap after GC invocations=33 (full 0):
 garbage-first heap   total 115712K, used 50779K [0x0000000082000000, 0x0000000100000000)
  region size 1024K, 5 young (5120K), 5 survivors (5120K)
 Metaspace       used 71603K, committed 72128K, reserved 1114112K
  class space    used 10124K, committed 10368K, reserved 1048576K
}
Event: 14.921 GC heap before
{Heap before GC invocations=33 (full 0):
 garbage-first heap   total 115712K, used 95835K [0x0000000082000000, 0x0000000100000000)
  region size 1024K, 49 young (50176K), 5 survivors (5120K)
 Metaspace       used 73161K, committed 73664K, reserved 1114112K
  class space    used 10324K, committed 10560K, reserved 1048576K
}
Event: 14.928 GC heap after
{Heap after GC invocations=34 (full 0):
 garbage-first heap   total 115712K, used 52736K [0x0000000082000000, 0x0000000100000000)
  region size 1024K, 6 young (6144K), 6 survivors (6144K)
 Metaspace       used 73161K, committed 73664K, reserved 1114112K
  class space    used 10324K, committed 10560K, reserved 1048576K
}
Event: 15.431 GC heap before
{Heap before GC invocations=34 (full 0):
 garbage-first heap   total 115712K, used 95744K [0x0000000082000000, 0x0000000100000000)
  region size 1024K, 48 young (49152K), 6 survivors (6144K)
 Metaspace       used 74478K, committed 75072K, reserved 1114112K
  class space    used 10495K, committed 10752K, reserved 1048576K
}
Event: 15.439 GC heap after
{Heap after GC invocations=35 (full 0):
 garbage-first heap   total 115712K, used 54494K [0x0000000082000000, 0x0000000100000000)
  region size 1024K, 5 young (5120K), 5 survivors (5120K)
 Metaspace       used 74478K, committed 75072K, reserved 1114112K
  class space    used 10495K, committed 10752K, reserved 1048576K
}
Event: 15.916 GC heap before
{Heap before GC invocations=35 (full 0):
 garbage-first heap   total 115712K, used 95454K [0x0000000082000000, 0x0000000100000000)
  region size 1024K, 45 young (46080K), 5 survivors (5120K)
 Metaspace       used 75118K, committed 75712K, reserved 1114112K
  class space    used 10611K, committed 10880K, reserved 1048576K
}
Event: 15.923 GC heap after
{Heap after GC invocations=36 (full 0):
 garbage-first heap   total 115712K, used 56001K [0x0000000082000000, 0x0000000100000000)
  region size 1024K, 4 young (4096K), 4 survivors (4096K)
 Metaspace       used 75118K, committed 75712K, reserved 1114112K
  class space    used 10611K, committed 10880K, reserved 1048576K
}
Event: 16.346 GC heap before
{Heap before GC invocations=36 (full 0):
 garbage-first heap   total 115712K, used 96961K [0x0000000082000000, 0x0000000100000000)
  region size 1024K, 44 young (45056K), 4 survivors (4096K)
 Metaspace       used 75534K, committed 76224K, reserved 1114112K
  class space    used 10687K, committed 11008K, reserved 1048576K
}
Event: 16.351 GC heap after
{Heap after GC invocations=37 (full 0):
 garbage-first heap   total 115712K, used 57897K [0x0000000082000000, 0x0000000100000000)
  region size 1024K, 6 young (6144K), 6 survivors (6144K)
 Metaspace       used 75534K, committed 76224K, reserved 1114112K
  class space    used 10687K, committed 11008K, reserved 1048576K
}
Event: 17.124 GC heap before
{Heap before GC invocations=38 (full 0):
 garbage-first heap   total 115712K, used 95785K [0x0000000082000000, 0x0000000100000000)
  region size 1024K, 43 young (44032K), 6 survivors (6144K)
 Metaspace       used 77728K, committed 78400K, reserved 1179648K
  class space    used 10974K, committed 11264K, reserved 1048576K
}
Event: 17.131 GC heap after
{Heap after GC invocations=39 (full 0):
 garbage-first heap   total 115712K, used 59354K [0x0000000082000000, 0x0000000100000000)
  region size 1024K, 4 young (4096K), 4 survivors (4096K)
 Metaspace       used 77728K, committed 78400K, reserved 1179648K
  class space    used 10974K, committed 11264K, reserved 1048576K
}
Event: 315.302 GC heap before
{Heap before GC invocations=39 (full 0):
 garbage-first heap   total 115712K, used 97242K [0x0000000082000000, 0x0000000100000000)
  region size 1024K, 41 young (41984K), 4 survivors (4096K)
 Metaspace       used 78189K, committed 78912K, reserved 1179648K
  class space    used 11021K, committed 11328K, reserved 1048576K
}
Event: 315.449 GC heap after
{Heap after GC invocations=40 (full 0):
 garbage-first heap   total 139264K, used 59711K [0x0000000082000000, 0x0000000100000000)
  region size 1024K, 3 young (3072K), 3 survivors (3072K)
 Metaspace       used 78189K, committed 78912K, reserved 1179648K
  class space    used 11021K, committed 11328K, reserved 1048576K
}
Event: 681.013 GC heap before
{Heap before GC invocations=41 (full 0):
 garbage-first heap   total 139264K, used 102719K [0x0000000082000000, 0x0000000100000000)
  region size 1024K, 46 young (47104K), 3 survivors (3072K)
 Metaspace       used 78040K, committed 78912K, reserved 1179648K
  class space    used 10972K, committed 11328K, reserved 1048576K
}

Deoptimization events (16 events):
Event: 2.360 Thread 0x000001529ff368b0 DEOPT PACKING pc=0x00000152903e3999 sp=0x00000046e3cfcf10
Event: 2.360 Thread 0x000001529ff368b0 DEOPT UNPACKING pc=0x000001528fdf2b43 sp=0x00000046e3cfc3f0 mode 3
Event: 2.511 Thread 0x000001529ff368b0 DEOPT PACKING pc=0x0000015290384e84 sp=0x00000046e3cfd3b0
Event: 2.511 Thread 0x000001529ff368b0 DEOPT UNPACKING pc=0x000001528fdf2b43 sp=0x00000046e3cfc8e0 mode 0
Event: 3.923 Thread 0x000001529ff368b0 DEOPT PACKING pc=0x0000015290398da4 sp=0x00000046e3cfd3f0
Event: 3.923 Thread 0x000001529ff368b0 DEOPT UNPACKING pc=0x000001528fdf2b43 sp=0x00000046e3cfc948 mode 0
Event: 5.067 Thread 0x000001529ff368b0 DEOPT PACKING pc=0x00000152906fb719 sp=0x00000046e3cfdab0
Event: 5.067 Thread 0x000001529ff368b0 DEOPT UNPACKING pc=0x000001528fdf2b43 sp=0x00000046e3cfcf90 mode 3
Event: 5.731 Thread 0x000001529ff368b0 DEOPT PACKING pc=0x000001529077dcba sp=0x00000046e3cfd7f0
Event: 5.731 Thread 0x000001529ff368b0 DEOPT UNPACKING pc=0x000001528fdf2b43 sp=0x00000046e3cfcd88 mode 0
Event: 7.806 Thread 0x000001529ff368b0 DEOPT PACKING pc=0x00000152901b4a9c sp=0x00000046e3cfc590
Event: 7.806 Thread 0x000001529ff368b0 DEOPT UNPACKING pc=0x000001528fdf2b43 sp=0x00000046e3cfba58 mode 0
Event: 7.938 Thread 0x000001529ff368b0 DEOPT PACKING pc=0x00000152903c19a2 sp=0x00000046e3cfd790
Event: 7.938 Thread 0x000001529ff368b0 DEOPT UNPACKING pc=0x000001528fdf2b43 sp=0x00000046e3cfcc98 mode 3
Event: 8.515 Thread 0x00000152a1a26300 DEOPT PACKING pc=0x0000015290a234bf sp=0x00000046e45fde20
Event: 8.515 Thread 0x00000152a1a26300 DEOPT UNPACKING pc=0x000001528fdf2b43 sp=0x00000046e45fd3b0 mode 3

Classes loaded (20 events):
Event: 17.172 Loading class java/nio/channels/spi/AbstractSelectionKey done
Event: 17.172 Loading class sun/nio/ch/SelectionKeyImpl done
Event: 17.172 Loading class java/lang/invoke/ConstantBootstraps
Event: 17.173 Loading class java/lang/invoke/ConstantBootstraps done
Event: 17.363 Loading class java/util/concurrent/Executors$DelegatedScheduledExecutorService
Event: 17.363 Loading class java/util/concurrent/Executors$DelegatedScheduledExecutorService done
Event: 17.373 Loading class jdk/internal/math/FDBigInteger
Event: 17.373 Loading class jdk/internal/math/FDBigInteger done
Event: 680.266 Loading class java/io/ObjectOutputStream$BlockDataOutputStream
Event: 680.284 Loading class java/io/ObjectOutputStream$BlockDataOutputStream done
Event: 680.286 Loading class java/io/ObjectOutputStream$HandleTable
Event: 680.292 Loading class java/io/ObjectOutputStream$HandleTable done
Event: 680.293 Loading class java/io/ObjectOutputStream$ReplaceTable
Event: 680.295 Loading class java/io/ObjectOutputStream$ReplaceTable done
Event: 680.415 Loading class java/io/FileOutputStream$1
Event: 680.418 Loading class java/io/FileOutputStream$1 done
Event: 680.585 Loading class java/util/AbstractMap$2
Event: 680.589 Loading class java/util/AbstractMap$2 done
Event: 680.625 Loading class java/util/AbstractMap$2$1
Event: 680.628 Loading class java/util/AbstractMap$2$1 done

Classes unloaded (20 events):
Event: 315.912 Thread 0x00000152884661c0 Unloading class 0x0000000800d4e000 'java/lang/invoke/LambdaForm$MH+0x0000000800d4e000'
Event: 315.912 Thread 0x00000152884661c0 Unloading class 0x0000000800d4dc00 'java/lang/invoke/LambdaForm$MH+0x0000000800d4dc00'
Event: 315.912 Thread 0x00000152884661c0 Unloading class 0x0000000800d4d800 'java/lang/invoke/LambdaForm$MH+0x0000000800d4d800'
Event: 315.912 Thread 0x00000152884661c0 Unloading class 0x0000000800d4d400 'java/lang/invoke/LambdaForm$MH+0x0000000800d4d400'
Event: 315.912 Thread 0x00000152884661c0 Unloading class 0x0000000800d4cc00 'java/lang/invoke/LambdaForm$MH+0x0000000800d4cc00'
Event: 315.912 Thread 0x00000152884661c0 Unloading class 0x0000000800d4c800 'java/lang/invoke/LambdaForm$MH+0x0000000800d4c800'
Event: 315.912 Thread 0x00000152884661c0 Unloading class 0x0000000800d4c400 'java/lang/invoke/LambdaForm$MH+0x0000000800d4c400'
Event: 315.912 Thread 0x00000152884661c0 Unloading class 0x0000000800d4c000 'java/lang/invoke/LambdaForm$MH+0x0000000800d4c000'
Event: 315.913 Thread 0x00000152884661c0 Unloading class 0x0000000800d41000 'java/lang/invoke/LambdaForm$MH+0x0000000800d41000'
Event: 315.913 Thread 0x00000152884661c0 Unloading class 0x0000000800d40800 'java/lang/invoke/LambdaForm$MH+0x0000000800d40800'
Event: 315.913 Thread 0x00000152884661c0 Unloading class 0x0000000800d40400 'java/lang/invoke/LambdaForm$MH+0x0000000800d40400'
Event: 315.913 Thread 0x00000152884661c0 Unloading class 0x0000000800d40000 'java/lang/invoke/LambdaForm$MH+0x0000000800d40000'
Event: 315.913 Thread 0x00000152884661c0 Unloading class 0x0000000800d39800 'java/lang/invoke/LambdaForm$MH+0x0000000800d39800'
Event: 315.913 Thread 0x00000152884661c0 Unloading class 0x0000000800d39000 'java/lang/invoke/LambdaForm$MH+0x0000000800d39000'
Event: 315.914 Thread 0x00000152884661c0 Unloading class 0x0000000800d04800 'java/lang/invoke/LambdaForm$MH+0x0000000800d04800'
Event: 315.914 Thread 0x00000152884661c0 Unloading class 0x0000000800d04400 'java/lang/invoke/LambdaForm$MH+0x0000000800d04400'
Event: 315.914 Thread 0x00000152884661c0 Unloading class 0x0000000800cbe800 'java/lang/invoke/LambdaForm$MH+0x0000000800cbe800'
Event: 315.915 Thread 0x00000152884661c0 Unloading class 0x0000000800cbdc00 'java/lang/invoke/LambdaForm$MH+0x0000000800cbdc00'
Event: 315.915 Thread 0x00000152884661c0 Unloading class 0x0000000800c85800 'java/lang/invoke/LambdaForm$MH+0x0000000800c85800'
Event: 315.915 Thread 0x00000152884661c0 Unloading class 0x0000000800c85400 'java/lang/invoke/LambdaForm$MH+0x0000000800c85400'

Classes redefined (0 events):
No events

Internal exceptions (20 events):
Event: 16.014 Thread 0x000001529ff368b0 Exception <a 'java/lang/NoSuchMethodError'{0x0000000088902058}: 'java.lang.Object java.lang.invoke.DirectMethodHandle$Holder.invokeVirtual(java.lang.Object, java.lang.Object, java.lang.Object, java.lang.Object, java.lang.Object, java.lang.Object, java.lang.Object, java.lang.Object, java.lang.Object, java.lang.Object)'> (0x0000000088902058) 
thrown [s\open\src\hotspot\share\interpreter\linkResolver.cpp, line 759]
Event: 16.014 Thread 0x000001529ff368b0 Exception <a 'java/lang/NoSuchMethodError'{0x0000000088906690}: 'java.lang.Object java.lang.invoke.DirectMethodHandle$Holder.invokeSpecial(java.lang.Object, java.lang.Object, java.lang.Object, java.lang.Object, java.lang.Object, java.lang.Object, java.lang.Object, java.lang.Object, java.lang.Object, java.lang.Object, java.lang.Object)'> (0x0000000088906690) 
thrown [s\open\src\hotspot\share\interpreter\linkResolver.cpp, line 759]
Event: 16.076 Thread 0x000001529ff368b0 Exception <a 'java/lang/NoSuchMethodError'{0x0000000088301a08}: 'java.lang.Object java.lang.invoke.DirectMethodHandle$Holder.invokeVirtual(java.lang.Object, java.lang.Object, java.lang.Object, java.lang.Object, java.lang.Object, java.lang.Object, java.lang.Object, java.lang.Object, java.lang.Object, java.lang.Object, java.lang.Object, java.lang.Object)'> (0x0000000088301a08) 
thrown [s\open\src\hotspot\share\interpreter\linkResolver.cpp, line 759]
Event: 16.077 Thread 0x000001529ff368b0 Exception <a 'java/lang/NoSuchMethodError'{0x00000000883066b8}: 'java.lang.Object java.lang.invoke.DirectMethodHandle$Holder.invokeSpecial(java.lang.Object, java.lang.Object, java.lang.Object, java.lang.Object, java.lang.Object, java.lang.Object, java.lang.Object, java.lang.Object, java.lang.Object, java.lang.Object, java.lang.Object, java.lang.Object, java.lang.Object)'> (0x00000000883066b8) 
thrown [s\open\src\hotspot\share\interpreter\linkResolver.cpp, line 759]
Event: 16.289 Thread 0x000001529ff368b0 Exception <a 'java/lang/ClassNotFoundException'{0x0000000086e07fe8}: java/lang/ObjectCustomizer> (0x0000000086e07fe8) 
thrown [s\open\src\hotspot\share\classfile\systemDictionary.cpp, line 255]
Event: 16.290 Thread 0x000001529ff368b0 Exception <a 'java/lang/ClassNotFoundException'{0x0000000086e137f8}: org/springframework/boot/actuate/autoconfigure/metrics/task/TaskExecutorMetricsAutoConfigurationCustomizer> (0x0000000086e137f8) 
thrown [s\open\src\hotspot\share\classfile\systemDictionary.cpp, line 255]
Event: 16.567 Thread 0x000001529ff368b0 Exception <a 'java/lang/ClassNotFoundException'{0x00000000881603a0}: java/lang/ObjectCustomizer> (0x00000000881603a0) 
thrown [s\open\src\hotspot\share\classfile\systemDictionary.cpp, line 255]
Event: 16.567 Thread 0x000001529ff368b0 Exception <a 'java/lang/ClassNotFoundException'{0x000000008816c240}: org/springframework/cloud/client/discovery/simple/SimpleDiscoveryClientAutoConfigurationCustomizer> (0x000000008816c240) 
thrown [s\open\src\hotspot\share\classfile\systemDictionary.cpp, line 255]
Event: 16.569 Thread 0x000001529ff368b0 Exception <a 'java/lang/ClassNotFoundException'{0x000000008817b1e8}: org/springframework/context/ApplicationListenerCustomizer> (0x000000008817b1e8) 
thrown [s\open\src\hotspot\share\classfile\systemDictionary.cpp, line 255]
Event: 16.569 Thread 0x000001529ff368b0 Exception <a 'java/lang/ClassNotFoundException'{0x000000008817fdb0}: java/util/EventListenerCustomizer> (0x000000008817fdb0) 
thrown [s\open\src\hotspot\share\classfile\systemDictionary.cpp, line 255]
Event: 16.573 Thread 0x000001529ff368b0 Exception <a 'java/lang/NoSuchMethodError'{0x00000000881c8c68}: 'void java.lang.invoke.Invokers$Holder.invokeExact_MT(java.lang.Object, java.lang.Object, int, java.lang.Object)'> (0x00000000881c8c68) 
thrown [s\open\src\hotspot\share\interpreter\linkResolver.cpp, line 759]
Event: 16.833 Thread 0x000001529ff368b0 Exception <a 'java/lang/NoSuchMethodError'{0x0000000087922dc8}: 'java.lang.Object java.lang.invoke.DirectMethodHandle$Holder.invokeVirtual(java.lang.Object, java.lang.Object, java.lang.Object, int, java.lang.Object)'> (0x0000000087922dc8) 
thrown [s\open\src\hotspot\share\interpreter\linkResolver.cpp, line 759]
Event: 16.857 Thread 0x000001529ff368b0 Exception <a 'java/lang/IncompatibleClassChangeError'{0x00000000877efb48}: Found class java.lang.Object, but interface was expected> (0x00000000877efb48) 
thrown [s\open\src\hotspot\share\interpreter\linkResolver.cpp, line 826]
Event: 16.921 Thread 0x000001529ff368b0 Exception <a 'java/lang/NoSuchMethodError'{0x0000000087008ac0}: 'java.lang.Object java.lang.invoke.DirectMethodHandle$Holder.invokeSpecial(java.lang.Object, java.lang.Object, int, java.lang.Object, int, java.lang.Object)'> (0x0000000087008ac0) 
thrown [s\open\src\hotspot\share\interpreter\linkResolver.cpp, line 759]
Event: 16.922 Thread 0x000001529ff368b0 Exception <a 'java/lang/NoSuchMethodError'{0x00000000870108b8}: 'java.lang.Object java.lang.invoke.DirectMethodHandle$Holder.newInvokeSpecial(java.lang.Object, java.lang.Object, int, java.lang.Object, int)'> (0x00000000870108b8) 
thrown [s\open\src\hotspot\share\interpreter\linkResolver.cpp, line 759]
Event: 16.922 Thread 0x000001529ff368b0 Exception <a 'java/lang/NoSuchMethodError'{0x00000000870149c0}: 'java.lang.Object java.lang.invoke.DirectMethodHandle$Holder.invokeSpecial(java.lang.Object, java.lang.Object, java.lang.Object, int, java.lang.Object, int)'> (0x00000000870149c0) 
thrown [s\open\src\hotspot\share\interpreter\linkResolver.cpp, line 759]
Event: 16.932 Thread 0x000001529ff368b0 Exception <a 'java/lang/NoSuchMethodError'{0x000000008703b470}: 'long java.lang.invoke.Invokers$Holder.invokeExact_MT(java.lang.Object, java.lang.Object)'> (0x000000008703b470) 
thrown [s\open\src\hotspot\share\interpreter\linkResolver.cpp, line 759]
Event: 16.937 Thread 0x000001529ff368b0 Exception <a 'java/lang/NoSuchMethodError'{0x000000008705eaa0}: 'java.lang.Object java.lang.invoke.DirectMethodHandle$Holder.newInvokeSpecial(java.lang.Object, long, java.lang.Object)'> (0x000000008705eaa0) 
thrown [s\open\src\hotspot\share\interpreter\linkResolver.cpp, line 759]
Event: 16.937 Thread 0x000001529ff368b0 Exception <a 'java/lang/NoSuchMethodError'{0x00000000870629e8}: 'java.lang.Object java.lang.invoke.DirectMethodHandle$Holder.invokeSpecial(java.lang.Object, java.lang.Object, long, java.lang.Object)'> (0x00000000870629e8) 
thrown [s\open\src\hotspot\share\interpreter\linkResolver.cpp, line 759]
Event: 17.014 Thread 0x000001529ff368b0 Exception <a 'java/lang/IncompatibleClassChangeError'{0x0000000086feff98}: Found class java.lang.Object, but interface was expected> (0x0000000086feff98) 
thrown [s\open\src\hotspot\share\interpreter\linkResolver.cpp, line 826]

VM Operations (20 events):
Event: 16.940 Executing VM operation: HandshakeAllThreads done
Event: 17.064 Executing VM operation: HandshakeAllThreads
Event: 17.064 Executing VM operation: HandshakeAllThreads done
Event: 17.123 Executing VM operation: G1CollectForAllocation
Event: 17.131 Executing VM operation: G1CollectForAllocation done
Event: 17.372 Executing VM operation: HandshakeAllThreads
Event: 17.372 Executing VM operation: HandshakeAllThreads done
Event: 18.368 Executing VM operation: Cleanup
Event: 18.368 Executing VM operation: Cleanup done
Event: 315.296 Executing VM operation: G1CollectForAllocation
Event: 315.450 Executing VM operation: G1CollectForAllocation done
Event: 315.879 Executing VM operation: G1Concurrent
Event: 316.330 Executing VM operation: G1Concurrent done
Event: 318.832 Executing VM operation: G1Concurrent
Event: 318.833 Executing VM operation: G1Concurrent done
Event: 672.491 Executing VM operation: Cleanup
Event: 672.528 Executing VM operation: Cleanup done
Event: 675.558 Executing VM operation: Cleanup
Event: 675.658 Executing VM operation: Cleanup done
Event: 681.009 Executing VM operation: G1CollectFull

Events (20 events):
Event: 675.175 Thread 0x00000152a27babb0 Thread added: 0x00000152a27babb0
Event: 675.180 Thread 0x00000152a2168560 Thread exited: 0x00000152a2168560
Event: 680.167 Thread 0x00000152a27b9870 Thread exited: 0x00000152a27b9870
Event: 680.167 Thread 0x00000152a2167220 Thread exited: 0x00000152a2167220
Event: 680.168 Thread 0x00000152a27ba6e0 Thread exited: 0x00000152a27ba6e0
Event: 680.168 Thread 0x00000152a2165540 Thread exited: 0x00000152a2165540
Event: 680.168 Thread 0x00000152a2166880 Thread exited: 0x00000152a2166880
Event: 680.168 Thread 0x00000152a27b9d40 Thread exited: 0x00000152a27b9d40
Event: 680.168 Thread 0x00000152a2165a10 Thread exited: 0x00000152a2165a10
Event: 680.168 Thread 0x00000152a2167bc0 Thread exited: 0x00000152a2167bc0
Event: 680.170 Thread 0x00000152a2165ee0 Thread exited: 0x00000152a2165ee0
Event: 680.216 Thread 0x00000152a21676f0 Thread exited: 0x00000152a21676f0
Event: 680.216 Thread 0x00000152a2166d50 Thread exited: 0x00000152a2166d50
Event: 680.216 Thread 0x00000152a27b93a0 Thread exited: 0x00000152a27b93a0
Event: 680.216 Thread 0x00000152a2165070 Thread exited: 0x00000152a2165070
Event: 680.467 Thread 0x00000152a2168090 Thread exited: 0x00000152a2168090
Event: 680.717 Thread 0x00000152a27b8ed0 Thread added: 0x00000152a27b8ed0
Event: 680.719 Thread 0x00000152a1a3a020 Thread exited: 0x00000152a1a3a020
Event: 680.792 Thread 0x00000152a27b8ed0 Thread exited: 0x00000152a27b8ed0
Event: 680.838 Thread 0x00000152a1a26300 Thread exited: 0x00000152a1a26300


Dynamic libraries:
0x00007ff644120000 - 0x00007ff644130000 	C:\Program Files\Java\jdk-18.0.2.1\bin\java.exe
0x00007fff3f490000 - 0x00007fff3f6c8000 	C:\WINDOWS\SYSTEM32\ntdll.dll
0x00007fff3f050000 - 0x00007fff3f119000 	C:\WINDOWS\System32\KERNEL32.DLL
0x00007fff3c850000 - 0x00007fff3cbab000 	C:\WINDOWS\System32\KERNELBASE.dll
0x00007fff3d0e0000 - 0x00007fff3d21c000 	C:\WINDOWS\System32\ucrtbase.dll
0x00007fff36cf0000 - 0x00007fff36d08000 	C:\Program Files\Java\jdk-18.0.2.1\bin\jli.dll
0x00007fff397b0000 - 0x00007fff397ca000 	C:\Program Files\Java\jdk-18.0.2.1\bin\VCRUNTIME140.dll
0x00007fff3dbf0000 - 0x00007fff3dca0000 	C:\WINDOWS\System32\ADVAPI32.dll
0x00007fff3e300000 - 0x00007fff3e3a7000 	C:\WINDOWS\System32\msvcrt.dll
0x00007fff3f320000 - 0x00007fff3f3c3000 	C:\WINDOWS\System32\sechost.dll
0x00007fff3d550000 - 0x00007fff3d676000 	C:\WINDOWS\System32\RPCRT4.dll
0x00007fff3e070000 - 0x00007fff3e230000 	C:\WINDOWS\System32\USER32.dll
0x00007fff3d220000 - 0x00007fff3d247000 	C:\WINDOWS\System32\win32u.dll
0x00007fff26570000 - 0x00007fff26802000 	C:\WINDOWS\WinSxS\amd64_microsoft.windows.common-controls_6595b64144ccf1df_6.0.25992.1000_none_84d9853462b3019e\COMCTL32.dll
0x00007fff3e3b0000 - 0x00007fff3e3da000 	C:\WINDOWS\System32\GDI32.dll
0x00007fff3ce70000 - 0x00007fff3cf8f000 	C:\WINDOWS\System32\gdi32full.dll
0x00007fff3cdc0000 - 0x00007fff3ce65000 	C:\WINDOWS\System32\msvcp_win.dll
0x00007fff39910000 - 0x00007fff3991b000 	C:\WINDOWS\SYSTEM32\VERSION.dll
0x00007fff3e3f0000 - 0x00007fff3e421000 	C:\WINDOWS\System32\IMM32.DLL
0x00007fff39a40000 - 0x00007fff39a4c000 	C:\Program Files\Java\jdk-18.0.2.1\bin\vcruntime140_1.dll
0x00007fff227f0000 - 0x00007fff2287d000 	C:\Program Files\Java\jdk-18.0.2.1\bin\msvcp140.dll
0x00007ffeda980000 - 0x00007ffedb591000 	C:\Program Files\Java\jdk-18.0.2.1\bin\server\jvm.dll
0x00007fff3e3e0000 - 0x00007fff3e3e8000 	C:\WINDOWS\System32\PSAPI.DLL
0x00007fff29270000 - 0x00007fff2927a000 	C:\WINDOWS\SYSTEM32\WSOCK32.dll
0x00007fff2fd40000 - 0x00007fff2fd75000 	C:\WINDOWS\SYSTEM32\WINMM.dll
0x00007fff3efd0000 - 0x00007fff3f044000 	C:\WINDOWS\System32\WS2_32.dll
0x00007fff3b700000 - 0x00007fff3b719000 	C:\WINDOWS\SYSTEM32\kernel.appcore.dll
0x00007fff36c60000 - 0x00007fff36c6a000 	C:\Program Files\Java\jdk-18.0.2.1\bin\jimage.dll
0x00007fff342e0000 - 0x00007fff34516000 	C:\WINDOWS\SYSTEM32\DBGHELP.DLL
0x00007fff3e430000 - 0x00007fff3e7a2000 	C:\WINDOWS\System32\combase.dll
0x00007fff3d680000 - 0x00007fff3d756000 	C:\WINDOWS\System32\OLEAUT32.dll
0x00007fff29630000 - 0x00007fff29669000 	C:\WINDOWS\SYSTEM32\dbgcore.DLL
0x00007fff3cd30000 - 0x00007fff3cdb0000 	C:\WINDOWS\System32\bcryptPrimitives.dll
0x00007fff24af0000 - 0x00007fff24b15000 	C:\Program Files\Java\jdk-18.0.2.1\bin\java.dll
0x00007fff0aaa0000 - 0x00007fff0ab76000 	C:\Program Files\Java\jdk-18.0.2.1\bin\jsvml.dll
0x00007fff3e7b0000 - 0x00007fff3ef7b000 	C:\WINDOWS\System32\SHELL32.dll
0x00007fff3a6a0000 - 0x00007fff3af03000 	C:\WINDOWS\SYSTEM32\windows.storage.dll
0x00007fff3df80000 - 0x00007fff3e057000 	C:\WINDOWS\System32\SHCORE.dll
0x00007fff3d470000 - 0x00007fff3d4cd000 	C:\WINDOWS\System32\shlwapi.dll
0x00007fff3c770000 - 0x00007fff3c794000 	C:\WINDOWS\SYSTEM32\profapi.dll
0x00007fff24730000 - 0x00007fff24743000 	C:\Program Files\Java\jdk-18.0.2.1\bin\net.dll
0x00007fff37a20000 - 0x00007fff37b3d000 	C:\WINDOWS\SYSTEM32\WINHTTP.dll
0x00007fff3bba0000 - 0x00007fff3bc09000 	C:\WINDOWS\system32\mswsock.dll
0x00007fff246e0000 - 0x00007fff246f6000 	C:\Program Files\Java\jdk-18.0.2.1\bin\nio.dll
0x00007fff245d0000 - 0x00007fff245e8000 	C:\Program Files\Java\jdk-18.0.2.1\bin\zip.dll
0x00007fff36c50000 - 0x00007fff36c60000 	C:\Program Files\Java\jdk-18.0.2.1\bin\verify.dll
0x00007fff30620000 - 0x00007fff30629000 	C:\Program Files\Java\jdk-18.0.2.1\bin\management.dll
0x00007fff305f0000 - 0x00007fff305fb000 	C:\Program Files\Java\jdk-18.0.2.1\bin\management_ext.dll
0x00007fff3b100000 - 0x00007fff3b130000 	C:\WINDOWS\SYSTEM32\IPHLPAPI.DLL
0x00007fff3e060000 - 0x00007fff3e06a000 	C:\WINDOWS\System32\NSI.dll
0x00007fff39750000 - 0x00007fff3976b000 	C:\WINDOWS\SYSTEM32\dhcpcsvc6.DLL
0x00007fff37b90000 - 0x00007fff37bb0000 	C:\WINDOWS\SYSTEM32\dhcpcsvc.DLL
0x00007fff3b140000 - 0x00007fff3b255000 	C:\WINDOWS\SYSTEM32\DNSAPI.dll
0x00007fff398a0000 - 0x00007fff398ab000 	C:\Windows\System32\rasadhlp.dll
0x00007fff37c30000 - 0x00007fff37cb5000 	C:\WINDOWS\System32\fwpuclnt.dll
0x00007fff237d0000 - 0x00007fff237e8000 	C:\WINDOWS\system32\napinsp.dll
0x00007fff237a0000 - 0x00007fff237c2000 	C:\WINDOWS\system32\nlansp_c.dll
0x00007fff23780000 - 0x00007fff23793000 	C:\WINDOWS\System32\winrnr.dll
0x00007fff30680000 - 0x00007fff30696000 	C:\WINDOWS\system32\wshbth.dll
0x00007fff3be60000 - 0x00007fff3be7c000 	C:\WINDOWS\SYSTEM32\CRYPTSP.dll
0x00007fff3b660000 - 0x00007fff3b698000 	C:\WINDOWS\system32\rsaenh.dll
0x00007fff3bcc0000 - 0x00007fff3bceb000 	C:\WINDOWS\SYSTEM32\USERENV.dll
0x00007fff3c0b0000 - 0x00007fff3c0d9000 	C:\WINDOWS\SYSTEM32\bcrypt.dll
0x00007fff3be80000 - 0x00007fff3be8c000 	C:\WINDOWS\SYSTEM32\CRYPTBASE.dll
0x00007fff30de0000 - 0x00007fff30dee000 	C:\Program Files\Java\jdk-18.0.2.1\bin\sunmscapi.dll
0x00007fff3cbb0000 - 0x00007fff3cd26000 	C:\WINDOWS\System32\CRYPT32.dll
0x00007fff3c070000 - 0x00007fff3c0a2000 	C:\WINDOWS\SYSTEM32\ncrypt.dll
0x00007fff3c020000 - 0x00007fff3c05f000 	C:\WINDOWS\SYSTEM32\NTASN1.dll

dbghelp: loaded successfully - version: 4.0.5 - missing functions: none
symbol engine: initialized successfully - sym options: 0x614 - pdb path: .;C:\Program Files\Java\jdk-18.0.2.1\bin;C:\WINDOWS\SYSTEM32;C:\WINDOWS\WinSxS\amd64_microsoft.windows.common-controls_6595b64144ccf1df_6.0.25992.1000_none_84d9853462b3019e;C:\Program Files\Java\jdk-18.0.2.1\bin\server

VM Arguments:
jvm_args: -XX:TieredStopAtLevel=1 
java_command: com.splitwise.SplitPriceApp
java_class_path (initial): C:\Users\prana\OneDrive\Desktop\New folder\SplitPrice\target\classes;C:\Users\prana\.m2\repository\tech\jhipster\jhipster-framework\7.9.3\jhipster-framework-7.9.3.jar;C:\Users\prana\.m2\repository\org\springframework\spring-context-support\5.3.22\spring-context-support-5.3.22.jar;C:\Users\prana\.m2\repository\org\springframework\spring-beans\5.3.22\spring-beans-5.3.22.jar;C:\Users\prana\.m2\repository\org\springframework\spring-context\5.3.22\spring-context-5.3.22.jar;C:\Users\prana\.m2\repository\org\springframework\boot\spring-boot-autoconfigure\2.7.3\spring-boot-autoconfigure-2.7.3.jar;C:\Users\prana\.m2\repository\org\springframework\spring-aop\5.3.22\spring-aop-5.3.22.jar;C:\Users\prana\.m2\repository\org\aspectj\aspectjweaver\1.9.7\aspectjweaver-1.9.7.jar;C:\Users\prana\.m2\repository\net\logstash\logback\logstash-logback-encoder\7.2\logstash-logback-encoder-7.2.jar;C:\Users\prana\.m2\repository\javax\annotation\javax.annotation-api\1.3.2\javax.annotation-api-1.3.2.jar;C:\Users\prana\.m2\repository\com\fasterxml\jackson\module\jackson-module-jaxb-annotations\2.13.3\jackson-module-jaxb-annotations-2.13.3.jar;C:\Users\prana\.m2\repository\com\fasterxml\jackson\core\jackson-annotations\2.13.3\jackson-annotations-2.13.3.jar;C:\Users\prana\.m2\repository\com\fasterxml\jackson\core\jackson-core\2.13.3\jackson-core-2.13.3.jar;C:\Users\prana\.m2\repository\com\fasterxml\jackson\core\jackson-databind\2.13.3\jackson-databind-2.13.3.jar;C:\Users\prana\.m2\repository\jakarta\xml\bind\jakarta.xml.bind-api\2.3.3\jakarta.xml.bind-api-2.3.3.jar;C:\Users\prana\.m2\repository\jakarta\activation\jakarta.activation-api\1.2.2\jakarta.activation-api-1.2.2.jar;C:\Users\prana\.m2\repository\com\fasterxml\jackson\datatype\jackson-datatype-hibernate5\2.13.3\jackson-datatype-hibernate5-2.13.3.jar;C:\Users\prana\.m2\repository\javax\transaction\javax.transaction-api\1.3\javax.transaction-api-1.3.jar;C:\Users\prana\.m2\repository\com\fasterxml\jackson\datatype\jackson-datatype-hppc\2.13.3\jackson-datatype-hppc-2.13.3.jar;C:\Users\prana\.m2\repository\com\carrotsearch\hppc\0.8.1\hppc-0.8.1.jar;C:\Users\prana\.m2\repository\com\fasterxml\jackson\datatype\jackson-datatype-jsr310\2.13.3\jackson-datatype-jsr310-2.13.3.jar;C:\Users\prana\.m2\repository\org\springdoc\springdoc-openapi-webmvc-core\1.6.11\springdoc-openapi-webmvc-core-1.6.11.jar;C:\Users\prana\.m2\repository\org\springdoc\springdoc-openapi-common\1.6.11\springdoc-openapi-common-1.6.11.jar;C:\Users\prana\.m2\repository\io\swagger\core\v3\swagger-core\2.2.2\swagger-core-2.2.2.jar;C:\Users\prana\.m2\repository\com\fasterxml\jackson\dataformat\jackson-dataformat-yaml\2.13.3\jackson-dataformat-yaml-2.13.3.jar;C:\Users\prana\.m2\repository\io\swagger\core\v3\swagger-annotations\2.2.2\swagger-annotations-2.2.2.jar;C:\Users\prana\.m2\repository\io\swagger\core\v3\swagger-models\2.2.2\swagger-models-2.2.2.jar;C:\Users\prana\.m2\repository\org\springframework\spring-webmvc\5.3.22\spring-webmvc-5.3.22.jar;C:\Users\prana\.m2\repository\org\springframework\spring-expression\5.3.22\spring-expression-5.3.22.jar;C:\Users\prana\.m2\repository\com\zaxxer\HikariCP\4.0.3\HikariCP-4.0.3.jar;C:\Users\prana\.m2\repository\org\slf4j\slf4j-api\1.7.36\slf4j-api-1.7.36.jar;C:\Users\prana\.m2\repository\org\apache\commons\commons-lang3\3.12.0\commons-lang3-3.12.0.jar;C:\Users\prana\.m2\repository\com\github\ben-manes\caffeine\caffeine\3.1.1\caffeine-3.1.1.jar;C:\Users\prana\.m2\repository\org\checkerframework\checker-qual\3.22.0\checker-qual-3.22.0.jar;C:\Users\prana\.m2\repository\com\google\errorprone\error_prone_annotations\2.14.0\error_prone_annotations-2.14.0.jar;C:\Users\prana\.m2\repository\org\hibernate\hibernate-jpamodelgen\5.6.10.Final\hibernate-jpamodelgen-5.6.10.Final.jar;C:\Users\prana\.m2\repository\org\jboss\logging\jboss-logging\3.4.3.Final\jboss-logging-3.4.3.Final.jar;C:\Users\prana\.m2\repository\javax\xml\bind\jaxb-api\2.3.1\jaxb-api-2.3.1.jar;C:\Users\prana\.m2\repository\org\glassfish\jaxb\jaxb-runtime\2.3.6\jaxb-runtime-2.3.6.jar;C:\Users\prana\.m2\repository\org\glassfish\jaxb\txw2\2.3.6\txw2-2.3.6.jar;C:\Users\prana\.m2\repository\com\sun\istack\istack-commons-runtime\3.0.12\istack-commons-runtime-3.0.12.jar;C:\Users\prana\.m2\repository\com\sun\activation\jakarta.activation\1.2.2\jakarta.activation-1.2.2.jar;C:\Users\prana\.m2\repository\org\hibernate\hibernate-core\5.6.10.Final\hibernate-core-5.6.10.Final.jar;C:\Users\prana\.m2\repository\javax\persistence\javax.persistence-api\2.2\javax.persistence-api-2.2.jar;C:\Users\prana\.m2\repository\net\bytebuddy\byte-buddy\1.12.13\byte-buddy-1.12.13.jar;C:\Users\prana\.m2\repository\antlr\antlr\2.7.7\antlr-2.7.7.jar;C:\Users\prana\.m2\repository\org\jboss\spec\javax\transaction\jboss-transaction-api_1.2_spec\1.1.1.Final\jboss-transaction-api_1.2_spec-1.1.1.Final.jar;C:\Users\prana\.m2\repository\org\jboss\jandex\2.4.2.Final\jandex-2.4.2.Final.jar;C:\Users\prana\.m2\repository\com\fasterxml\classmate\1.5.1\classmate-1.5.1.jar;C:\Users\prana\.m2\repository\javax\activation\javax.activation-api\1.2.0\javax.activation-api-1.2.0.jar;C:\Users\prana\.m2\repository\org\hibernate\common\hibernate-commons-annotations\5.1.2.Final\hibernate-commons-annotations-5.1.2.Final.jar;C:\Users\prana\.m2\repository\org\hibernate\validator\hibernate-validator\6.2.4.Final\hibernate-validator-6.2.4.Final.jar;C:\Users\prana\.m2\repository\jakarta\validation\jakarta.validation-api\2.0.2\jakarta.validation-api-2.0.2.jar;C:\Users\prana\.m2\repository\org\liquibase\liquibase-core\4.15.0\liquibase-core-4.15.0.jar;C:\Users\prana\.m2\repository\org\yaml\snakeyaml\1.30\snakeyaml-1.30.jar;C:\Users\prana\.m2\repository\com\opencsv\opencsv\5.6\opencsv-5.6.jar;C:\Users\prana\.m2\repository\org\apache\commons\commons-text\1.9\commons-text-1.9.jar;C:\Users\prana\.m2\repository\org\apache\commons\commons-collections4\4.4\commons-collections4-4.4.jar;C:\Users\prana\.m2\repository\org\mapstruct\mapstruct\1.5.2.Final\mapstruct-1.5.2.Final.jar;C:\Users\prana\.m2\repository\org\springframework\boot\spring-boot-loader-tools\2.7.3\spring-boot-loader-tools-2.7.3.jar;C:\Users\prana\.m2\repository\org\apache\commons\commons-compress\1.21\commons-compress-1.21.jar;C:\Users\prana\.m2\repository\org\springframework\spring-core\5.3.22\spring-core-5.3.22.jar;C:\Users\prana\.m2\repository\org\springframework\spring-jcl\5.3.22\spring-jcl-5.3.22.jar;C:\Users\prana\.m2\repository\jakarta\annotation\jakarta.annotation-api\1.3.5\jakarta.annotation-api-1.3.5.jar;C:\Users\prana\.m2\repository\org\springframework\boot\spring-boot-actuator-autoconfigure\2.7.3\spring-boot-actuator-autoconfigure-2.7.3.jar;C:\Users\prana\.m2\repository\org\springframework\boot\spring-boot-actuator\2.7.3\spring-boot-actuator-2.7.3.jar;C:\Users\prana\.m2\repository\io\micrometer\micrometer-core\1.9.3\micrometer-core-1.9.3.jar;C:\Users\prana\.m2\repository\org\hdrhistogram\HdrHistogram\2.1.12\HdrHistogram-2.1.12.jar;C:\Users\prana\.m2\repository\org\latencyutils\LatencyUtils\2.0.3\LatencyUtils-2.0.3.jar;C:\Users\prana\.m2\repository\org\springframework\spring-jdbc\5.3.22\spring-jdbc-5.3.22.jar;C:\Users\prana\.m2\repository\jakarta\transaction\jakarta.transaction-api\1.3.3\jakarta.transaction-api-1.3.3.jar;C:\Users\prana\.m2\repository\jakarta\persistence\jakarta.persistence-api\2.2.3\jakarta.persistence-api-2.2.3.jar;C:\Users\prana\.m2\repository\org\springframework\data\spring-data-jpa\2.7.2\spring-data-jpa-2.7.2.jar;C:\Users\prana\.m2\repository\org\springframework\spring-orm\5.3.22\spring-orm-5.3.22.jar;C:\Users\prana\.m2\repository\org\springframework\spring-tx\5.3.22\spring-tx-5.3.22.jar;C:\Users\prana\.m2\repository\org\springframework\spring-aspects\5.3.22\spring-aspects-5.3.22.jar;C:\Users\prana\.m2\repository\ch\qos\logback\logback-classic\1.2.11\logback-classic-1.2.11.jar;C:\Users\prana\.m2\repository\ch\qos\logback\logback-core\1.2.11\logback-core-1.2.11.jar;C:\Users\prana\.m2\repository\org\apache\logging\log4j\log4j-to-slf4j\2.17.2\log4j-to-slf4j-2.17.2.jar;C:\Users\prana\.m2\repository\org\apache\logging\log4j\log4j-api\2.17.2\log4j-api-2.17.2.jar;C:\Users\prana\.m2\repository\org\slf4j\jul-to-slf4j\1.7.36\jul-to-slf4j-1.7.36.jar;C:\Users\prana\.m2\repository\com\sun\mail\jakarta.mail\1.6.7\jakarta.mail-1.6.7.jar;C:\Users\prana\.m2\repository\org\thymeleaf\thymeleaf-spring5\3.0.15.RELEASE\thymeleaf-spring5-3.0.15.RELEASE.jar;C:\Users\prana\.m2\repository\org\thymeleaf\thymeleaf\3.0.15.RELEASE\thymeleaf-3.0.15.RELEASE.jar;C:\Users\prana\.m2\repository\org\attoparser\attoparser\2.0.5.RELEASE\attoparser-2.0.5.RELEASE.jar;C:\Users\prana\.m2\repository\org\unbescape\unbescape\1.1.6.RELEASE\unbescape-1.1.6.RELEASE.jar;C:\Users\prana\.m2\repository\org\thymeleaf\extras\thymeleaf-extras-java8time\3.0.4.RELEASE\thymeleaf-extras-java8time-3.0.4.RELEASE.jar;C:\Users\prana\.m2\repository\com\fasterxml\jackson\datatype\jackson-datatype-jdk8\2.13.3\jackson-datatype-jdk8-2.13.3.jar;C:\Users\prana\.m2\repository\com\fasterxml\jackson\module\jackson-module-parameter-names\2.13.3\jackson-module-parameter-names-2.13.3.jar;C:\Users\prana\.m2\repository\org\springframework\spring-web\5.3.22\spring-web-5.3.22.jar;C:\Users\prana\.m2\repository\net\minidev\json-smart\2.4.8\json-smart-2.4.8.jar;C:\Users\prana\.m2\repository\net\minidev\accessors-smart\2.4.8\accessors-smart-2.4.8.jar;C:\Users\prana\.m2\repository\org\ow2\asm\asm\9.1\asm-9.1.jar;C:\Users\prana\.m2\repository\org\springframework\boot\spring-boot\2.7.3\spring-boot-2.7.3.jar;C:\Users\prana\.m2\repository\org\springframework\security\spring-security-core\5.7.3\spring-security-core-5.7.3.jar;C:\Users\prana\.m2\repository\org\springframework\security\spring-security-crypto\5.7.3\spring-security-crypto-5.7.3.jar;C:\Users\prana\.m2\repository\org\springframework\security\spring-security-web\5.7.3\spring-security-web-5.7.3.jar;C:\Users\prana\.m2\repository\org\zalando\problem-spring-web\0.27.0\problem-spring-web-0.27.0.jar;C:\Users\prana\.m2\repository\org\zalando\problem-violations\0.27.0\problem-violations-0.27.0.jar;C:\Users\prana\.m2\repository\org\zalando\problem-spring-common\0.27.0\problem-spring-common-0.27.0.jar;C:\Users\prana\.m2\repository\org\apiguardian\apiguardian-api\1.1.2\apiguardian-api-1.1.2.jar;C:\Users\prana\.m2\repository\com\google\code\findbugs\jsr305\3.0.2\jsr305-3.0.2.jar;C:\Users\prana\.m2\repository\org\zalando\problem\0.26.0\problem-0.26.0.jar;C:\Users\prana\.m2\repository\org\zalando\jackson-datatype-problem\0.26.0\jackson-datatype-problem-0.26.0.jar;C:\Users\prana\.m2\repository\org\zalando\faux-pas\0.9.0\faux-pas-0.9.0.jar;C:\Users\prana\.m2\repository\javax\validation\validation-api\2.0.1.Final\validation-api-2.0.1.Final.jar;C:\Users\prana\.m2\repository\io\undertow\undertow-core\2.2.19.Final\undertow-core-2.2.19.Final.jar;C:\Users\prana\.m2\repository\org\jboss\xnio\xnio-api\3.8.7.Final\xnio-api-3.8.7.Final.jar;C:\Users\prana\.m2\repository\org\wildfly\common\wildfly-common\1.5.4.Final\wildfly-common-1.5.4.Final.jar;C:\Users\prana\.m2\repository\org\wildfly\client\wildfly-client-config\1.0.1.Final\wildfly-client-config-1.0.1.Final.jar;C:\Users\prana\.m2\repository\org\jboss\xnio\xnio-nio\3.8.7.Final\xnio-nio-3.8.7.Final.jar;C:\Users\prana\.m2\repository\org\jboss\threads\jboss-threads\3.1.0.Final\jboss-threads-3.1.0.Final.jar;C:\Users\prana\.m2\repository\io\undertow\undertow-servlet\2.2.19.Final\undertow-servlet-2.2.19.Final.jar;C:\Users\prana\.m2\repository\io\undertow\undertow-websockets-jsr\2.2.19.Final\undertow-websockets-jsr-2.2.19.Final.jar;C:\Users\prana\.m2\repository\jakarta\servlet\jakarta.servlet-api\4.0.4\jakarta.servlet-api-4.0.4.jar;C:\Users\prana\.m2\repository\jakarta\websocket\jakarta.websocket-api\1.1.2\jakarta.websocket-api-1.1.2.jar;C:\Users\prana\.m2\repository\org\apache\tomcat\embed\tomcat-embed-el\9.0.65\tomcat-embed-el-9.0.65.jar;C:\Users\prana\.m2\repository\org\springframework\security\spring-security-config\5.7.3\spring-security-config-5.7.3.jar;C:\Users\prana\.m2\repository\org\springframework\security\spring-security-oauth2-client\5.7.3\spring-security-oauth2-client-5.7.3.jar;C:\Users\prana\.m2\repository\org\springframework\security\spring-security-oauth2-core\5.7.3\spring-security-oauth2-core-5.7.3.jar;C:\Users\prana\.m2\repository\com\nimbusds\oauth2-oidc-sdk\9.35\oauth2-oidc-sdk-9.35.jar;C:\Users\prana\.m2\repository\com\github\stephenc\jcip\jcip-annotations\1.0-1\jcip-annotations-1.0-1.jar;C:\Users\prana\.m2\repository\com\nimbusds\content-type\2.2\content-type-2.2.jar;C:\Users\prana\.m2\repository\com\nimbusds\lang-tag\1.6\lang-tag-1.6.jar;C:\Users\prana\.m2\repository\org\springframework\security\spring-security-oauth2-jose\5.7.3\spring-security-oauth2-jose-5.7.3.jar;C:\Users\prana\.m2\repository\com\nimbusds\nimbus-jose-jwt\9.22\nimbus-jose-jwt-9.22.jar;C:\Users\prana\.m2\repository\org\springframework\security\spring-security-oauth2-resource-server\5.7.3\spring-security-oauth2-resource-server-5.7.3.jar;C:\Users\prana\.m2\repository\org\springframework\cloud\spring-cloud-starter\3.1.3\spring-cloud-starter-3.1.3.jar;C:\Users\prana\.m2\repository\org\springframework\cloud\spring-cloud-context\3.1.3\spring-cloud-context-3.1.3.jar;C:\Users\prana\.m2\repository\org\springframework\cloud\spring-cloud-commons\3.1.3\spring-cloud-commons-3.1.3.jar;C:\Users\prana\.m2\repository\org\springframework\security\spring-security-rsa\1.0.10.RELEASE\spring-security-rsa-1.0.10.RELEASE.jar;C:\Users\prana\.m2\repository\org\bouncycastle\bcpkix-jdk15on\1.68\bcpkix-jdk15on-1.68.jar;C:\Users\prana\.m2\repository\org\bouncycastle\bcprov-jdk15on\1.68\bcprov-jdk15on-1.68.jar;C:\Users\prana\.m2\repository\org\springframework\cloud\spring-cloud-starter-circuitbreaker-resilience4j\2.1.3\spring-cloud-starter-circuitbreaker-resilience4j-2.1.3.jar;C:\Users\prana\.m2\repository\org\springframework\cloud\spring-cloud-circuitbreaker-resilience4j\2.1.3\spring-cloud-circuitbreaker-resilience4j-2.1.3.jar;C:\Users\prana\.m2\repository\io\github\resilience4j\resilience4j-spring-boot2\1.7.0\resilience4j-spring-boot2-1.7.0.jar;C:\Users\prana\.m2\repository\io\github\resilience4j\resilience4j-spring\1.7.0\resilience4j-spring-1.7.0.jar;C:\Users\prana\.m2\repository\io\github\resilience4j\resilience4j-annotations\1.7.0\resilience4j-annotations-1.7.0.jar;C:\Users\prana\.m2\repository\io\github\resilience4j\resilience4j-consumer\1.7.0\resilience4j-consumer-1.7.0.jar;C:\Users\prana\.m2\repository\io\github\resilience4j\resilience4j-circularbuffer\1.7.0\resilience4j-circularbuffer-1.7.0.jar;C:\Users\prana\.m2\repository\io\github\resilience4j\resilience4j-framework-common\1.7.0\resilience4j-framework-common-1.7.0.jar;C:\Users\prana\.m2\repository\io\github\resilience4j\resilience4j-ratelimiter\1.7.0\resilience4j-ratelimiter-1.7.0.jar;C:\Users\prana\.m2\repository\io\github\resilience4j\resilience4j-retry\1.7.0\resilience4j-retry-1.7.0.jar;C:\Users\prana\.m2\repository\io\github\resilience4j\resilience4j-micrometer\1.7.0\resilience4j-micrometer-1.7.0.jar;C:\Users\prana\.m2\repository\io\github\resilience4j\resilience4j-circuitbreaker\1.7.0\resilience4j-circuitbreaker-1.7.0.jar;C:\Users\prana\.m2\repository\io\vavr\vavr\0.10.2\vavr-0.10.2.jar;C:\Users\prana\.m2\repository\io\vavr\vavr-match\0.10.2\vavr-match-0.10.2.jar;C:\Users\prana\.m2\repository\io\github\resilience4j\resilience4j-core\1.7.0\resilience4j-core-1.7.0.jar;C:\Users\prana\.m2\repository\io\github\resilience4j\resilience4j-timelimiter\1.7.0\resilience4j-timelimiter-1.7.0.jar;C:\Users\prana\.m2\repository\org\springframework\retry\spring-retry\1.3.3\spring-retry-1.3.3.jar;C:\Users\prana\.m2\repository\org\springframework\cloud\spring-cloud-starter-openfeign\3.1.3\spring-cloud-starter-openfeign-3.1.3.jar;C:\Users\prana\.m2\repository\org\springframework\cloud\spring-cloud-openfeign-core\3.1.3\spring-cloud-openfeign-core-3.1.3.jar;C:\Users\prana\.m2\repository\io\github\openfeign\form\feign-form-spring\3.8.0\feign-form-spring-3.8.0.jar;C:\Users\prana\.m2\repository\io\github\openfeign\form\feign-form\3.8.0\feign-form-3.8.0.jar;C:\Users\prana\.m2\repository\commons-fileupload\commons-fileupload\1.4\commons-fileupload-1.4.jar;C:\Users\prana\.m2\repository\commons-io\commons-io\2.11.0\commons-io-2.11.0.jar;C:\Users\prana\.m2\repository\io\github\openfeign\feign-core\11.8\feign-core-11.8.jar;C:\Users\prana\.m2\repository\io\github\openfeign\feign-slf4j\11.8\feign-slf4j-11.8.jar;C:\Users\prana\.m2\repository\org\springframework\security\spring-security-data\5.7.3\spring-security-data-5.7.3.jar;C:\Users\prana\.m2\repository\org\springframework\data\spring-data-commons\2.7.2\spring-data-commons-2.7.2.jar;C:\Users\prana\.m2\repository\io\micrometer\micrometer-registry-prometheus\1.9.3\micrometer-registry-prometheus-1.9.3.jar;C:\Users\prana\.m2\repository\io\prometheus\simpleclient_common\0.15.0\simpleclient_common-0.15.0.jar;C:\Users\prana\.m2\repository\io\prometheus\simpleclient\0.15.0\simpleclient-0.15.0.jar;C:\Users\prana\.m2\repository\io\prometheus\simpleclient_tracer_otel\0.15.0\simpleclient_tracer_otel-0.15.0.jar;C:\Users\prana\.m2\repository\io\prometheus\simpleclient_tracer_common\0.15.0\simpleclient_tracer_common-0.15.0.jar;C:\Users\prana\.m2\repository\io\prometheus\simpleclient_tracer_otel_agent\0.15.0\simpleclient_tracer_otel_agent-0.15.0.jar;C:\Users\prana\.m2\repository\io\dropwizard\metrics\metrics-core\4.2.11\metrics-core-4.2.11.jar;C:\Users\prana\.m2\repository\org\springframework\boot\spring-boot-devtools\2.7.3\spring-boot-devtools-2.7.3.jar;C:\Users\prana\.m2\repository\org\postgresql\postgresql\42.3.6\postgresql-42.3.6.jar
Launcher Type: SUN_STANDARD

[Global flags]
     intx CICompilerCount                          = 4                                         {product} {ergonomic}
     uint ConcGCThreads                            = 3                                         {product} {ergonomic}
     uint G1ConcRefinementThreads                  = 10                                        {product} {ergonomic}
   size_t G1HeapRegionSize                         = 1048576                                   {product} {ergonomic}
    uintx GCDrainStackTargetSize                   = 64                                        {product} {ergonomic}
   size_t InitialHeapSize                          = 132120576                                 {product} {ergonomic}
   size_t MarkStackSize                            = 4194304                                   {product} {ergonomic}
   size_t MaxHeapSize                              = 2113929216                                {product} {ergonomic}
   size_t MaxNewSize                               = 1267728384                                {product} {ergonomic}
   size_t MinHeapDeltaBytes                        = 1048576                                   {product} {ergonomic}
   size_t MinHeapSize                              = 8388608                                   {product} {ergonomic}
    uintx NonProfiledCodeHeapSize                  = 0                                      {pd product} {ergonomic}
     bool ProfileInterpreter                       = false                                  {pd product} {command line}
    uintx ProfiledCodeHeapSize                     = 0                                      {pd product} {ergonomic}
   size_t SoftMaxHeapSize                          = 2113929216                             {manageable} {ergonomic}
     intx TieredStopAtLevel                        = 1                                         {product} {command line}
     bool UseCompressedClassPointers               = true                           {product lp64_product} {ergonomic}
     bool UseCompressedOops                        = true                           {product lp64_product} {ergonomic}
     bool UseG1GC                                  = true                                      {product} {ergonomic}
     bool UseLargePagesIndividualAllocation        = false                                  {pd product} {ergonomic}

Logging:
Log output configuration:
 #0: stdout all=warning uptime,level,tags foldmultilines=false
 #1: stderr all=off uptime,level,tags foldmultilines=false

Environment Variables:
JAVA_HOME=C:\Program Files\Java\jdk-18.0.2.1
PATH=C:\Program Files\Common Files\Oracle\Java\javapath;C:\Python311\Scripts\;C:\Python311\;C:\Windows\system32;C:\Windows;C:\Windows\System32\Wbem;C:\Windows\System32\WindowsPowerShell\v1.0\;C:\Windows\System32\OpenSSH\;C:\Program Files (x86)\NVIDIA Corporation\PhysX\Common;C:\Program Files\NVIDIA Corporation\NVIDIA NvDLISR;C:\WINDOWS\system32;C:\WINDOWS;C:\WINDOWS\System32\Wbem;C:\WINDOWS\System32\WindowsPowerShell\v1.0\;C:\WINDOWS\System32\OpenSSH\;C:\Program Files\dotnet\;C:\Program Files\Go\bin;C:\Program Files\nodejs\;C:\ProgramData\chocolatey\bin;C:\TDM-GCC-64\bin;C:\Program Files\MySQL\MySQL Server 8.0\bin;C:\Users\prana\AppData\Roaming\npm;C:\Program Files\Java\jdk-18.0.2.1\bin;C:\Program Files\Git\cmd;C:\Program Files\Java\jdk-18.0.2.1;C:\Program Files\Java\jdk-18.0.2.1\bin;C:\Program Files\Docker\Docker\resources\bin;C:\Program Files\maven\apache-maven-3.9.1\bin;C:\Program Files\MySQL\MySQL Shell 8.0\bin\;C:\Users\prana\AppData\Local\Microsoft\WindowsApps;C:\MinGW\bin;C:\Users\prana\go\bin;C:\Users\prana\AppData\Local\Programs\Microsoft VS Code\bin;C:\Users\prana\AppData\Roaming\npm;C:\Windows\System32;C:\Program Files\Java\jdk-18.0.2.1\bin;;C:\Users\prana\AppData\Local\JetBrains\IntelliJ IDEA 2023.1.1\bin;;C:\Program Files\JetBrains\IntelliJ IDEA Community Edition 2023.1.1\bin;
USERNAME=prana
OS=Windows_NT
PROCESSOR_IDENTIFIER=Intel64 Family 6 Model 165 Stepping 2, GenuineIntel



---------------  S Y S T E M  ---------------

OS:
 Windows 11 , 64 bit Build 25992 (10.0.25992.1000)
OS uptime: 17 days 20:08 hours
Hyper-V role detected

CPU: total 12 (initial active 12) (6 cores per cpu, 2 threads per core) family 6 model 165 stepping 2 microcode 0xec, cx8, cmov, fxsr, ht, mmx, 3dnowpref, sse, sse2, sse3, ssse3, sse4.1, sse4.2, popcnt, lzcnt, tsc, tscinvbit, avx, avx2, aes, erms, clmul, bmi1, bmi2, adx, fma, vzeroupper, clflush, clflushopt, hv

Memory: 4k page, system-wide physical 8059M (783M free)
TotalPageFile size 26809M (AvailPageFile size 613M)
current process WorkingSet (physical memory assigned to process): 89M, peak: 290M
current process commit charge ("private bytes"): 362M, peak: 364M

vm_info: Java HotSpot(TM) 64-Bit Server VM (18.0.2.1+1-1) for windows-amd64 JRE (18.0.2.1+1-1), built on Aug 16 2022 01:46:33 by "mach5one" with MS VC++ 16.8 / 16.9 (VS2019)

END.
